 ***********************************************************
 This is program SOFI2D. 
 Parallel 2-D Viscoelastic Finite Difference Modeling      
                                                            
 written by  T. Bohlen                          
 Geophysical Institute, Department of Physics,         
 Institute of Technology, Karlsruhe, Germany         
 http://www.gpi.kit.edu 
 ***********************************************************


From input file ./2_setparmsSOFI2D.json, 65 objects have been read in. 

===========================================================
=   List of Parameters read by the built in Json Parser   =
===========================================================
||  Object # | object name 	| object value           ||
===========================================================
       1     |             NPROCX | 10 
       2     |             NPROCY | 10 
       3     |            FDORDER | 4 
       4     |       FDORDER_TIME | 2 
       5     |        MAXRELERROR | 1 
       6     |                 NX | 1200 
       7     |                 NY | 400 
       8     |                 DH | 1 
       9     |               TIME | 0.5 
      10     |                 DT | 1e-4 
      11     |       SOURCE_SHAPE | 3 
      12     |        SIGNAL_FILE | ./sources/ormsby100.dat 
      13     |        SOURCE_TYPE | 1 
      14     |             SRCREC | 1 
      15     |        SOURCE_FILE | ./sources/source.dat 
      16     | RUN_MULTIPLE_SHOTS | 1 
      17     |   PLANE_WAVE_DEPTH | 0.0 
      18     |   PLANE_WAVE_ANGLE | 0.0 
      19     |                 TS | 0.2 
      20     |            READMOD | 1 
      21     |              MFILE | model/model 
      22     |   WRITE_MODELFILES | 2 
      23     |                  L | 0 
      24     |                FL1 | 5.0 
      25     |                TAU | 0.00001 
      26     |          FREE_SURF | 1 
      27     |           BOUNDARY | 0 
      28     |                 FW | 40 
      29     |           ABS_TYPE | 1 
      30     |             NPOWER | 4.0 
      31     |         K_MAX_CPML | 1.0 
      32     |              VPPML | 2500.0 
      33     |               FPML | 10.0 
      34     |            DAMPING | 8.0 
      35     |               SNAP | 4 
      36     |             TSNAP1 | 0.01 
      37     |             TSNAP2 | .2 
      38     |           TSNAPINC | 0.001 
      39     |                IDX | 1 
      40     |                IDY | 1 
      41     |        SNAP_FORMAT | 3 
      42     |          SNAP_FILE | ./snap/model 
      43     |             SEISMO | 4 
      44     |            READREC | 1 
      45     |           REC_FILE | ./receiver/receiver.dat 
      46     |            REFRECX | 0.0 
      47     |            REFRECY | 0.0 
      48     |              XREC1 | 270.0 
      49     |              YREC1 | 27.0 
      50     |              XREC2 | 2000.0 
      51     |              YREC2 | 27.0 
      52     |             NGEOPH | 1 
      53     |          REC_ARRAY | 0 
      54     |    REC_ARRAY_DEPTH | 70.0 
      55     |     REC_ARRAY_DIST | 40.0 
      56     |                DRX | 4 
      57     |                NDT | 5 
      58     |        SEIS_FORMAT | 1 
      59     |          SEIS_FILE | ./data_rawout/model 
      60     |           LOG_FILE | log/model.log 
      61     |                LOG | 1 
      62     |  OUT_TIMESTEP_INFO | 100 
      63     |        CHECKPTREAD | 0 
      64     |       CHECKPTWRITE | 0 
      65     |       CHECKPT_FILE | tmp/checkpoint_sofi2D 
========================================================

 Please note: 
 Each processing element (PE) is writing log information during program 
 execution to log/model.log.0.PE .
 See corresponding log-files for further information on program status.
 Information about overall program execution 
 (numerical artefacts, accuracy, computing times etc)
 will be written by PE 0 to  standard output. 

 **Message from initprocs (printed by PE 0):
 Size of subarrays in gridpoints:
 IENDX= 120
 IENDY (vertical) = 40

 **Message from initprocs (written by PE 0):
 Processor locations in the 2D logical processor array
 MYID 	 POS(1):left,right 	 POS(2): top, bottom
 0 		 0: 9,1 		 0: 90,10 

 **********************************************************
 ********* PARAMETERS AS SPECIFIED IN INPUT FILE **********
 **********************************************************


 **Message from write_par (printed by PE 0):

------------------------- Processors ------------------------
 Number of PEs in x-direction (NPROCX): 10
 Number of PEs in vertical direction (NPROCY): 10
 Total number of PEs in use: 100

------------------------- FD Algorithm ------------------------
 Standard Staggered Grid (SSG) (Virieux-grid) is used. 
 Order of spatial FD operators (FDORDER) is 4
 Order of temporal FD operator (FDORDER_TIME) is 2

 ----------------------- Discretization  ---------------------
 Number of gridpoints in x-direction (NX): 1200
 Number of gridpoints in y-direction (NY): 400
 Grid-spacing (DH): 1.000000e+00 meter
 Model size in x-direction: 1200 m
 Model size in y-direction: 400 m
 Time of wave propagation (T): 5.000000e-01 seconds
 Timestep (DT): 1.000000e-04 seconds
 Number of timesteps: 5000 

 ------------------------- SOURCE -----------------------------
 reading source positions, time delay, centre frequency 
 and initial amplitude from ASCII-file: ./sources/source.dat

 wavelet of source: reading from 
	 ./sources/ormsby100.dat
 Type of source: explosive source 

 ------------------------- RECEIVER  ------- -------------------
 reading receiver positions from file 
	./receiver/receiver.dat

 reference point for receiver coordinate system:
 x=0.000000 	y=0.000000	 z=0.000000

 ------------------------- FREE SURFACE ------------------------
 free surface at the top of the model ! 

 ------------------------- ABSORBING FRAME ---------------------
 width of absorbing frame is 40 grid points (40.00 m).
 CPML damping applied. 
 Damping velocity in the PML frame in m/s: 2500.000000 .
 Frequency within the PML frame in Hz: 10.000000 
 NPOWER: 4.000000 
 K_MAX: 1.000000 
 No periodic boundary condition.
 ------------------------- MODEL-FILES -------------------------
 names of model-files: 
	 shear wave velocities:
	 model/model.vs
	 tau for shear waves:
	 model/model.ts
	 density:
	 model/model.rho
	 compressional wave velocities:
	 model/model.vp
	 tau for P-waves:
	 model/model.tp

 ------------------------- Q-APROXIMATION --------------------
 Number of relaxation mechanisms (L): 0
 The L relaxation frequencies are at:  
 Hz
 Value for tau is : 0.000010

 -----------------------  SNAPSHOTS  -----------------------
 Snapshots of curl and divergence energy of the wavefield.
 x- and y-component of particle velocity.
 	 first (TSNAP1)=  0.01000 s
 	 last (TSNAP2)= 0.20000 s
 	 increment (TSNAPINC) = 0.00100 s

 	 first_and_last_horizontal(x)_gridpoint = 1, 1200 
 	 first_and_last_vertical_gridpoint = 1, 400 
 
 name of output-file (SNAP_FILE):
	 ./snap/model
 The data is written binary (IEEE) (4 byte per float)


 -----------------------  SEISMOGRAMS  ----------------------
 Seismograms of  x-, y-, and z-component of particle velocity.
 output-files: 
 	./data_rawout/model_vx.su
	./data_rawout/model_vy.su
 Seismograms of pressure field (hydrophones).
 output-file: 
 	./data_rawout/model_p.su
 Seismograms of curl (S-wave component) and div (P-wave component of wavefield).
 output-files: 
 	./data_rawout/model_rot.su 
	./data_rawout/model_div.su
 The data is written in IEEE SU-format . 
 samplingrate of seismic data: 0.000500 s
 Number of samples per trace: 1000 
 ----------------------------------------------------------



 **********************************************************
 ******* PARAMETERS READ or PROCESSED within SOFI2D ********
 **********************************************************

-------------------- RECEIVER POSITIONS ---------------------
 Message from function receiver (written by PE 0):

 Reading receiver positions from file: './receiver/receiver.dat'
 Number of receiver positions found: 1100
 Number of receiver positions found: 1100
-------------------------------------------------------------


 **Message from function receiver (written by PE 0):
 Number of receiver positions found: 1100
 The following table is quite large (1100 lines) and will, thus, be truncated to the first 50 entries! 

 Receiver positions in the global model-system:
 x (gridpoints) y (gridpoints) 	 x (in m) 	 y (in m) 
 -------------  -------------- 	 ---------	 -------- 
 50		 1 		  50.00 	   1.00 
 51		 1 		  51.00 	   1.00 
 52		 1 		  52.00 	   1.00 
 53		 1 		  53.00 	   1.00 
 54		 1 		  54.00 	   1.00 
 55		 1 		  55.00 	   1.00 
 56		 1 		  56.00 	   1.00 
 57		 1 		  57.00 	   1.00 
 58		 1 		  58.00 	   1.00 
 59		 1 		  59.00 	   1.00 
 60		 1 		  60.00 	   1.00 
 61		 1 		  61.00 	   1.00 
 62		 1 		  62.00 	   1.00 
 63		 1 		  63.00 	   1.00 
 64		 1 		  64.00 	   1.00 
 65		 1 		  65.00 	   1.00 
 66		 1 		  66.00 	   1.00 
 67		 1 		  67.00 	   1.00 
 68		 1 		  68.00 	   1.00 
 69		 1 		  69.00 	   1.00 
 70		 1 		  70.00 	   1.00 
 71		 1 		  71.00 	   1.00 
 72		 1 		  72.00 	   1.00 
 73		 1 		  73.00 	   1.00 
 74		 1 		  74.00 	   1.00 
 75		 1 		  75.00 	   1.00 
 76		 1 		  76.00 	   1.00 
 77		 1 		  77.00 	   1.00 
 78		 1 		  78.00 	   1.00 
 79		 1 		  79.00 	   1.00 
 80		 1 		  80.00 	   1.00 
 81		 1 		  81.00 	   1.00 
 82		 1 		  82.00 	   1.00 
 83		 1 		  83.00 	   1.00 
 84		 1 		  84.00 	   1.00 
 85		 1 		  85.00 	   1.00 
 86		 1 		  86.00 	   1.00 
 87		 1 		  87.00 	   1.00 
 88		 1 		  88.00 	   1.00 
 89		 1 		  89.00 	   1.00 
 90		 1 		  90.00 	   1.00 
 91		 1 		  91.00 	   1.00 
 92		 1 		  92.00 	   1.00 
 93		 1 		  93.00 	   1.00 
 94		 1 		  94.00 	   1.00 
 95		 1 		  95.00 	   1.00 
 96		 1 		  96.00 	   1.00 
 97		 1 		  97.00 	   1.00 
 98		 1 		  98.00 	   1.00 
 99		 1 		  99.00 	   1.00 



 **Message from main (printed by PE 0):
 Size of local grids: NX=120 	 NY=40
 Each process is now trying to allocate memory for:
 Dynamic variables: 		   0.10 MB
 Static variables: 		   0.14 MB
 Seismograms: 			   1.63 MB
 Buffer arrays for grid exchange:  0.00 MB
 Network Buffer for MPI_Bsend: 	   0.02 MB
 CPML variables: 		   0.20 MB
 ------------------------------------------------ 
 Total memory required: 	   2.10 MB.

 ... memory allocation for PE 0 was successfull.

 Message from function sources (written by PE 0):

 ------------------ READING SOURCE PARAMETERS ------------------- 

 Reading source parameters from file: ./sources/source.dat (SOFI2D source format)
 Number of source positions specified in ./sources/source.dat : 1 
 Maximum frequency defined in ./sources/source.dat: 100.00 Hz
 All sources will be modelled individually because of RUN_MULTIPLE_SHOTS=1!

 number	    x		    y		  tshift	    fc		   amp		source_azimuth	source_type
    1 	 100.00 	   1.00 	   0.00 	 100.00 	   1.00   	   0.00  	   1

...reading model information from model-files...
	 P-wave velocities:
	 model/model.vp

	 Shear wave velocities:
	 model/model.vs

	 Density:
	 model/model.rho



 PE 0 is writing model to 
	model/model.sofi2D.rho.0.0


 **Message from mergemod (printed by PE 0):
 PE 0 starts merge of 100 model files 

 writing merged model file to  model/model.sofi2D.rho 
 Opening model files: model/model.sofi2D.rho.???  ... finished. 
 Copying... ... finished. 
 Use 
 ximage n1=400 < model/model.sofi2D.rho  label1=Y label2=X title=model/model.sofi2D.rho 
 to visualize model. 

 **********************************************************
 ************ CHECKS OF INPUT FILE PARAMETERS  ************
 **********************************************************


 **Message from checkfd_ssg (printed by PE 0):


 ------------------ CHECK OUTPUT FILES --------------------------
 Check accessibility for snapshot files ... 
    Check accessibility for snapshot file ./snap/model.bin.vx.0.0... 
    Check accessibility for snapshot file ./snap/model.bin.vy.0.0... 
    Check accessibility for snapshot file ./snap/model.bin.p.0.0... 
    Check accessibility for snapshot file ./snap/model.bin.div.0.0... 
    Check accessibility for snapshot file ./snap/model.bin.curl.0.0... 
 Check accessibility for seismogram files of each PE ... 
 However, the list below refers only to PE0  ... 
    Check accessibility for seismogram file ./data_rawout/model_vx.su.0... 
    Check accessibility for seismogram file ./data_rawout/model_vy.su.0... 
    Check accessibility for seismogram file ./data_rawout/model_p.su.0... 
    Check accessibility for seismogram file ./data_rawout/model_div.su.0... 
    Check accessibility for seismogram file ./data_rawout/model_curl.su.0... 
 Accessibility of output files from PE 0 has been checked successfully.


 --------- DETERMININATION OF MIN AND MAX VELOCITIES -----------
 Minimum and maximum P-wave and S-wave velocities within subvolumes: 
  MYID	 Vp_min(f=fc) 	 Vp_max(f=inf) 	 Vs_min(f=fc) 	 Vs_max(f=inf) 
 0 	 3600.00 	 3600.00 	 1750.00 	 1750.00 
 Note : if any P- or S-wave velocity is set below 1.0 m/s to simulate water or air,
 this minimum velocity will be ignored for determining stable DH and DT.

 Global values for entire model: 
 V_max= 4000.00 m/s 	 V_min= 1750.00 m/s 



 ------------------ CHECK FOR GRID DISPERSION --------------------
 To satisfactorily limit grid dispersion the number of gridpoints 
 per minimum wavelength (of S-waves) should be 6 (better more).
 Here the minimum wavelength is assumed to be minimum model phase velocity 
 (of S-waves) at maximum frequency of the source
 devided by maximum frequency of the source.
 Maximum frequency of the source is approximately 200.000 Hz
 The minimum wavelength (P- or S-wave) in the following simulation will
 be 8.750 meter.
 Thus, the recommended value for DH is 1.052 meter.
 You have specified DH= 1.000 meter.

 

 ----------------------- CHECK FOR STABILITY ---------------------
 The following simulation is stable provided that

 	 p=cmax*DT/DH < 1/(sqrt(2)*gamma),

 where cmax is the maximum phase velocity at infinite frequency
 and gamma = sum(|FD coeff.|)
 In the current simulation cmax is  4000.00 m/s .

 DT is the timestep and DH is the grid size.

 In this simulation the Courant-Friedrichs-Lewy number is 0.4000.
 In this simulation the stability limit for timestep DT is 1.492272e-04 seconds .
 You have specified DT= 1.000000e-04 s.
 The simulation will be stable.
 

 --------------------- CHECK FOR INPUT ERRORS ---------------------
 Checking the time of wave propagation. 
 Checking the snapshot parameters. 
 Output of snapshot gridpoints per node (NX/NPROCX/IDX)   120.00 .
 Output of snapshot gridpoints per node (NY/NPROCY/IDY)    40.00 .
 Checking the number of seismogram samples. 
    Number of timesteps 5000.
    Seismogram sampling rate in timesteps 5.
    Number of seismogram output samples 1000.
 Checking for receiver position(s) specified in input file.
    Global grid size in m: 1200.00 (x) : 400.00 (y) 
    Global grid size in m(-width of abs.boundary) : 
        40.00-1160.00 (x in m) :  1.00-360.00 (y in m) 
    Number of receiver positions in receiver file ./receiver/receiver.dat : 1100 
    Minimum receiver position coordinates : 50.00 (x) :  1.00 (y) 
    Maximum receiver position coordinates : 1149.00 (x) :  1.00 (y) 
 ... complete, receiver position specified in input file are located within the global grid.
 Checking for source position(s) specified in source file. 
    Global grid size in m: 1200.00 (x) : 400.00 (y) 
    Global grid size in m(-width of abs.boundary) : 
        40.00-1160.00 (x in m) :  1.00-360.00 (y in m) 
    Number of source positions in source file ./sources/source.dat. : 1.
    Minimum source position coordinates : 100.00 (x) :  1.00 (y) 
    Maximum source position coordinates : 100.00 (x) :  1.00 (y) 
 ...complete, all source position(s) specified in source file are located within the global grid.


 ----------------------- ABSORBING BOUNDARY ------------------------
 You have specified a CPML boundary (ABS_TYPE=1) with a width of 40 gridpoints (40.00 m).


 **Message from matcopy_elastic (written by PE 0):
 Copy material properties at inner boundaries ... 
 finished (real time: 0.08 s).



 **************************************************
 *********** STARTING TIME STEPPING ***************
 **************************************************

 real time before starting time loop: 1.85 s.

==================================================================================
   MYID=0 *****  Starting simulation for shot 1 of 1  ********** 
==================================================================================

 Parameter for shot 1 are:
 number	    x		    y		  tshift	    fc		   amp		source_azimuth
    1 	 100.00 	   1.00 	   0.00 	 100.00 	   1.00  	   0.00

 Number of samples (nts) in source file: 5001
 Message from function wavelet written by PE 0 
 1 source positions located in subdomain of PE 0 
 have been assigned with a source signal. 

 Computing timestep 1 of 5000 

 **Message from update_v_interior (printed by PE 0):
 Updating particle velocities ... finished (real time: 0.000 s).

 **Message from update_v_PML (printed by PE 0):
 Updating particle velocities ... finished (real time: 0.000 s).
 particle velocity exchange between PEs ... finished (real time: 0.016 s).

 **Message from update_s_interior (printed by PE 0):
 Updating stress components ... finished (real time: 0.000 s).

 **Message from update_s_PML (printed by PE 0):
 Updating stress components ... finished (real time: 0.000 s).
 stress exchange between PEs ... finished (real time: 0.000 s).
 total real time for timestep 1 : 0.017 s.


 PE 0 is writing snapshot-data at T=0.010000s to 
./snap/model.bin.vx.0.0
./snap/model.bin.vy.0.0
./snap/model.bin.p.0.0

./snap/model.bin.div.0.0
./snap/model.bin.curl.0.0


 Computing timestep 101 of 5000 

 **Message from update_v_interior (printed by PE 0):
 Updating particle velocities ... finished (real time: 0.000 s).

 **Message from update_v_PML (printed by PE 0):
 Updating particle velocities ... finished (real time: 0.000 s).
 particle velocity exchange between PEs ... finished (real time: 0.048 s).

 **Message from update_s_interior (printed by PE 0):
 Updating stress components ... finished (real time: 0.000 s).

 **Message from update_s_PML (printed by PE 0):
 Updating stress components ... finished (real time: 0.000 s).
 stress exchange between PEs ... finished (real time: 0.000 s).
 total real time for timestep 101 : 0.049 s.


 PE 0 is writing snapshot-data at T=0.011000s to 
./snap/model.bin.vx.0.0
./snap/model.bin.vy.0.0
./snap/model.bin.p.0.0

./snap/model.bin.div.0.0
./snap/model.bin.curl.0.0



 PE 0 is writing snapshot-data at T=0.012000s to 
./snap/model.bin.vx.0.0
./snap/model.bin.vy.0.0
./snap/model.bin.p.0.0

./snap/model.bin.div.0.0
./snap/model.bin.curl.0.0



 PE 0 is writing snapshot-data at T=0.013000s to 
./snap/model.bin.vx.0.0
./snap/model.bin.vy.0.0
./snap/model.bin.p.0.0

./snap/model.bin.div.0.0
./snap/model.bin.curl.0.0



 PE 0 is writing snapshot-data at T=0.014000s to 
./snap/model.bin.vx.0.0
./snap/model.bin.vy.0.0
./snap/model.bin.p.0.0

./snap/model.bin.div.0.0
./snap/model.bin.curl.0.0



 PE 0 is writing snapshot-data at T=0.015000s to 
./snap/model.bin.vx.0.0
./snap/model.bin.vy.0.0
./snap/model.bin.p.0.0

./snap/model.bin.div.0.0
./snap/model.bin.curl.0.0



 PE 0 is writing snapshot-data at T=0.016000s to 
./snap/model.bin.vx.0.0
./snap/model.bin.vy.0.0
./snap/model.bin.p.0.0

./snap/model.bin.div.0.0
./snap/model.bin.curl.0.0



 PE 0 is writing snapshot-data at T=0.017000s to 
./snap/model.bin.vx.0.0
./snap/model.bin.vy.0.0
./snap/model.bin.p.0.0

./snap/model.bin.div.0.0
./snap/model.bin.curl.0.0



 PE 0 is writing snapshot-data at T=0.018000s to 
./snap/model.bin.vx.0.0
./snap/model.bin.vy.0.0
./snap/model.bin.p.0.0

./snap/model.bin.div.0.0
./snap/model.bin.curl.0.0



 PE 0 is writing snapshot-data at T=0.019000s to 
./snap/model.bin.vx.0.0
./snap/model.bin.vy.0.0
./snap/model.bin.p.0.0

./snap/model.bin.div.0.0
./snap/model.bin.curl.0.0



 PE 0 is writing snapshot-data at T=0.020000s to 
./snap/model.bin.vx.0.0
./snap/model.bin.vy.0.0
./snap/model.bin.p.0.0

./snap/model.bin.div.0.0
./snap/model.bin.curl.0.0


 Computing timestep 201 of 5000 

 **Message from update_v_interior (printed by PE 0):
 Updating particle velocities ... finished (real time: 0.000 s).

 **Message from update_v_PML (printed by PE 0):
 Updating particle velocities ... finished (real time: 0.000 s).
 particle velocity exchange between PEs ... finished (real time: 0.001 s).

 **Message from update_s_interior (printed by PE 0):
 Updating stress components ... finished (real time: 0.000 s).

 **Message from update_s_PML (printed by PE 0):
 Updating stress components ... finished (real time: 0.000 s).
 stress exchange between PEs ... finished (real time: 0.028 s).
 total real time for timestep 201 : 0.029 s.


 PE 0 is writing snapshot-data at T=0.021000s to 
./snap/model.bin.vx.0.0
./snap/model.bin.vy.0.0
./snap/model.bin.p.0.0

./snap/model.bin.div.0.0
./snap/model.bin.curl.0.0



 PE 0 is writing snapshot-data at T=0.022000s to 
./snap/model.bin.vx.0.0
./snap/model.bin.vy.0.0
./snap/model.bin.p.0.0

./snap/model.bin.div.0.0
./snap/model.bin.curl.0.0



 PE 0 is writing snapshot-data at T=0.023000s to 
./snap/model.bin.vx.0.0
./snap/model.bin.vy.0.0
./snap/model.bin.p.0.0

./snap/model.bin.div.0.0
./snap/model.bin.curl.0.0



 PE 0 is writing snapshot-data at T=0.024000s to 
./snap/model.bin.vx.0.0
./snap/model.bin.vy.0.0
./snap/model.bin.p.0.0

./snap/model.bin.div.0.0
./snap/model.bin.curl.0.0



 PE 0 is writing snapshot-data at T=0.025000s to 
./snap/model.bin.vx.0.0
./snap/model.bin.vy.0.0
./snap/model.bin.p.0.0

./snap/model.bin.div.0.0
./snap/model.bin.curl.0.0



 PE 0 is writing snapshot-data at T=0.026000s to 
./snap/model.bin.vx.0.0
./snap/model.bin.vy.0.0
./snap/model.bin.p.0.0

./snap/model.bin.div.0.0
./snap/model.bin.curl.0.0



 PE 0 is writing snapshot-data at T=0.027000s to 
./snap/model.bin.vx.0.0
./snap/model.bin.vy.0.0
./snap/model.bin.p.0.0

./snap/model.bin.div.0.0
./snap/model.bin.curl.0.0



 PE 0 is writing snapshot-data at T=0.028000s to 
./snap/model.bin.vx.0.0
./snap/model.bin.vy.0.0
./snap/model.bin.p.0.0

./snap/model.bin.div.0.0
./snap/model.bin.curl.0.0



 PE 0 is writing snapshot-data at T=0.029000s to 
./snap/model.bin.vx.0.0
./snap/model.bin.vy.0.0
./snap/model.bin.p.0.0

./snap/model.bin.div.0.0
./snap/model.bin.curl.0.0



 PE 0 is writing snapshot-data at T=0.030000s to 
./snap/model.bin.vx.0.0
./snap/model.bin.vy.0.0
./snap/model.bin.p.0.0

./snap/model.bin.div.0.0
./snap/model.bin.curl.0.0


 Computing timestep 301 of 5000 

 **Message from update_v_interior (printed by PE 0):
 Updating particle velocities ... finished (real time: 0.000 s).

 **Message from update_v_PML (printed by PE 0):
 Updating particle velocities ... finished (real time: 0.000 s).
 particle velocity exchange between PEs ... finished (real time: 0.004 s).

 **Message from update_s_interior (printed by PE 0):
 Updating stress components ... finished (real time: 0.000 s).

 **Message from update_s_PML (printed by PE 0):
 Updating stress components ... finished (real time: 0.000 s).
 stress exchange between PEs ... finished (real time: 0.011 s).
 total real time for timestep 301 : 0.015 s.


 PE 0 is writing snapshot-data at T=0.031000s to 
./snap/model.bin.vx.0.0
./snap/model.bin.vy.0.0
./snap/model.bin.p.0.0

./snap/model.bin.div.0.0
./snap/model.bin.curl.0.0



 PE 0 is writing snapshot-data at T=0.032000s to 
./snap/model.bin.vx.0.0
./snap/model.bin.vy.0.0
./snap/model.bin.p.0.0

./snap/model.bin.div.0.0
./snap/model.bin.curl.0.0



 PE 0 is writing snapshot-data at T=0.033000s to 
./snap/model.bin.vx.0.0
./snap/model.bin.vy.0.0
./snap/model.bin.p.0.0

./snap/model.bin.div.0.0
./snap/model.bin.curl.0.0



 PE 0 is writing snapshot-data at T=0.034000s to 
./snap/model.bin.vx.0.0
./snap/model.bin.vy.0.0
./snap/model.bin.p.0.0

./snap/model.bin.div.0.0
./snap/model.bin.curl.0.0



 PE 0 is writing snapshot-data at T=0.035000s to 
./snap/model.bin.vx.0.0
./snap/model.bin.vy.0.0
./snap/model.bin.p.0.0

./snap/model.bin.div.0.0
./snap/model.bin.curl.0.0



 PE 0 is writing snapshot-data at T=0.036000s to 
./snap/model.bin.vx.0.0
./snap/model.bin.vy.0.0
./snap/model.bin.p.0.0

./snap/model.bin.div.0.0
./snap/model.bin.curl.0.0



 PE 0 is writing snapshot-data at T=0.037000s to 
./snap/model.bin.vx.0.0
./snap/model.bin.vy.0.0
./snap/model.bin.p.0.0

./snap/model.bin.div.0.0
./snap/model.bin.curl.0.0



 PE 0 is writing snapshot-data at T=0.038000s to 
./snap/model.bin.vx.0.0
./snap/model.bin.vy.0.0
./snap/model.bin.p.0.0

./snap/model.bin.div.0.0
./snap/model.bin.curl.0.0



 PE 0 is writing snapshot-data at T=0.039000s to 
./snap/model.bin.vx.0.0
./snap/model.bin.vy.0.0
./snap/model.bin.p.0.0

./snap/model.bin.div.0.0
./snap/model.bin.curl.0.0



 PE 0 is writing snapshot-data at T=0.040000s to 
./snap/model.bin.vx.0.0
./snap/model.bin.vy.0.0
./snap/model.bin.p.0.0

./snap/model.bin.div.0.0
./snap/model.bin.curl.0.0


 Computing timestep 401 of 5000 

 **Message from update_v_interior (printed by PE 0):
 Updating particle velocities ... finished (real time: 0.000 s).

 **Message from update_v_PML (printed by PE 0):
 Updating particle velocities ... finished (real time: 0.000 s).
 particle velocity exchange between PEs ... finished (real time: 0.010 s).

 **Message from update_s_interior (printed by PE 0):
 Updating stress components ... finished (real time: 0.000 s).

 **Message from update_s_PML (printed by PE 0):
 Updating stress components ... finished (real time: 0.000 s).
 stress exchange between PEs ... finished (real time: 0.000 s).
 total real time for timestep 401 : 0.010 s.


 PE 0 is writing snapshot-data at T=0.041000s to 
./snap/model.bin.vx.0.0
./snap/model.bin.vy.0.0
./snap/model.bin.p.0.0

./snap/model.bin.div.0.0
./snap/model.bin.curl.0.0



 PE 0 is writing snapshot-data at T=0.042000s to 
./snap/model.bin.vx.0.0
./snap/model.bin.vy.0.0
./snap/model.bin.p.0.0

./snap/model.bin.div.0.0
./snap/model.bin.curl.0.0



 PE 0 is writing snapshot-data at T=0.043000s to 
./snap/model.bin.vx.0.0
./snap/model.bin.vy.0.0
./snap/model.bin.p.0.0

./snap/model.bin.div.0.0
./snap/model.bin.curl.0.0



 PE 0 is writing snapshot-data at T=0.044000s to 
./snap/model.bin.vx.0.0
./snap/model.bin.vy.0.0
./snap/model.bin.p.0.0

./snap/model.bin.div.0.0
./snap/model.bin.curl.0.0



 PE 0 is writing snapshot-data at T=0.045000s to 
./snap/model.bin.vx.0.0
./snap/model.bin.vy.0.0
./snap/model.bin.p.0.0

./snap/model.bin.div.0.0
./snap/model.bin.curl.0.0



 PE 0 is writing snapshot-data at T=0.046000s to 
./snap/model.bin.vx.0.0
./snap/model.bin.vy.0.0
./snap/model.bin.p.0.0

./snap/model.bin.div.0.0
./snap/model.bin.curl.0.0



 PE 0 is writing snapshot-data at T=0.047000s to 
./snap/model.bin.vx.0.0
./snap/model.bin.vy.0.0
./snap/model.bin.p.0.0

./snap/model.bin.div.0.0
./snap/model.bin.curl.0.0



 PE 0 is writing snapshot-data at T=0.048000s to 
./snap/model.bin.vx.0.0
./snap/model.bin.vy.0.0
./snap/model.bin.p.0.0

./snap/model.bin.div.0.0
./snap/model.bin.curl.0.0



 PE 0 is writing snapshot-data at T=0.049000s to 
./snap/model.bin.vx.0.0
./snap/model.bin.vy.0.0
./snap/model.bin.p.0.0

./snap/model.bin.div.0.0
./snap/model.bin.curl.0.0



 PE 0 is writing snapshot-data at T=0.050000s to 
./snap/model.bin.vx.0.0
./snap/model.bin.vy.0.0
./snap/model.bin.p.0.0

./snap/model.bin.div.0.0
./snap/model.bin.curl.0.0


 Computing timestep 501 of 5000 

 **Message from update_v_interior (printed by PE 0):
 Updating particle velocities ... finished (real time: 0.000 s).

 **Message from update_v_PML (printed by PE 0):
 Updating particle velocities ... finished (real time: 0.000 s).
 particle velocity exchange between PEs ... finished (real time: 0.001 s).

 **Message from update_s_interior (printed by PE 0):
 Updating stress components ... finished (real time: 0.000 s).

 **Message from update_s_PML (printed by PE 0):
 Updating stress components ... finished (real time: 0.000 s).
 stress exchange between PEs ... finished (real time: 0.042 s).
 total real time for timestep 501 : 0.043 s.


 PE 0 is writing snapshot-data at T=0.051000s to 
./snap/model.bin.vx.0.0
./snap/model.bin.vy.0.0
./snap/model.bin.p.0.0

./snap/model.bin.div.0.0
./snap/model.bin.curl.0.0



 PE 0 is writing snapshot-data at T=0.052000s to 
./snap/model.bin.vx.0.0
./snap/model.bin.vy.0.0
./snap/model.bin.p.0.0

./snap/model.bin.div.0.0
./snap/model.bin.curl.0.0



 PE 0 is writing snapshot-data at T=0.053000s to 
./snap/model.bin.vx.0.0
./snap/model.bin.vy.0.0
./snap/model.bin.p.0.0

./snap/model.bin.div.0.0
./snap/model.bin.curl.0.0



 PE 0 is writing snapshot-data at T=0.054000s to 
./snap/model.bin.vx.0.0
./snap/model.bin.vy.0.0
./snap/model.bin.p.0.0

./snap/model.bin.div.0.0
./snap/model.bin.curl.0.0



 PE 0 is writing snapshot-data at T=0.055000s to 
./snap/model.bin.vx.0.0
./snap/model.bin.vy.0.0
./snap/model.bin.p.0.0

./snap/model.bin.div.0.0
./snap/model.bin.curl.0.0



 PE 0 is writing snapshot-data at T=0.056000s to 
./snap/model.bin.vx.0.0
./snap/model.bin.vy.0.0
./snap/model.bin.p.0.0

./snap/model.bin.div.0.0
./snap/model.bin.curl.0.0



 PE 0 is writing snapshot-data at T=0.057000s to 
./snap/model.bin.vx.0.0
./snap/model.bin.vy.0.0
./snap/model.bin.p.0.0

./snap/model.bin.div.0.0
./snap/model.bin.curl.0.0



 PE 0 is writing snapshot-data at T=0.058000s to 
./snap/model.bin.vx.0.0
./snap/model.bin.vy.0.0
./snap/model.bin.p.0.0

./snap/model.bin.div.0.0
./snap/model.bin.curl.0.0



 PE 0 is writing snapshot-data at T=0.059000s to 
./snap/model.bin.vx.0.0
./snap/model.bin.vy.0.0
./snap/model.bin.p.0.0

./snap/model.bin.div.0.0
./snap/model.bin.curl.0.0



 PE 0 is writing snapshot-data at T=0.060000s to 
./snap/model.bin.vx.0.0
./snap/model.bin.vy.0.0
./snap/model.bin.p.0.0

./snap/model.bin.div.0.0
./snap/model.bin.curl.0.0


 Computing timestep 601 of 5000 

 **Message from update_v_interior (printed by PE 0):
 Updating particle velocities ... finished (real time: 0.000 s).

 **Message from update_v_PML (printed by PE 0):
 Updating particle velocities ... finished (real time: 0.000 s).
 particle velocity exchange between PEs ... finished (real time: 0.009 s).

 **Message from update_s_interior (printed by PE 0):
 Updating stress components ... finished (real time: 0.000 s).

 **Message from update_s_PML (printed by PE 0):
 Updating stress components ... finished (real time: 0.000 s).
 stress exchange between PEs ... finished (real time: 0.000 s).
 total real time for timestep 601 : 0.009 s.


 PE 0 is writing snapshot-data at T=0.061000s to 
./snap/model.bin.vx.0.0
./snap/model.bin.vy.0.0
./snap/model.bin.p.0.0

./snap/model.bin.div.0.0
./snap/model.bin.curl.0.0



 PE 0 is writing snapshot-data at T=0.062000s to 
./snap/model.bin.vx.0.0
./snap/model.bin.vy.0.0
./snap/model.bin.p.0.0

./snap/model.bin.div.0.0
./snap/model.bin.curl.0.0



 PE 0 is writing snapshot-data at T=0.063000s to 
./snap/model.bin.vx.0.0
./snap/model.bin.vy.0.0
./snap/model.bin.p.0.0

./snap/model.bin.div.0.0
./snap/model.bin.curl.0.0



 PE 0 is writing snapshot-data at T=0.064000s to 
./snap/model.bin.vx.0.0
./snap/model.bin.vy.0.0
./snap/model.bin.p.0.0

./snap/model.bin.div.0.0
./snap/model.bin.curl.0.0



 PE 0 is writing snapshot-data at T=0.065000s to 
./snap/model.bin.vx.0.0
./snap/model.bin.vy.0.0
./snap/model.bin.p.0.0

./snap/model.bin.div.0.0
./snap/model.bin.curl.0.0



 PE 0 is writing snapshot-data at T=0.066000s to 
./snap/model.bin.vx.0.0
./snap/model.bin.vy.0.0
./snap/model.bin.p.0.0

./snap/model.bin.div.0.0
./snap/model.bin.curl.0.0



 PE 0 is writing snapshot-data at T=0.067000s to 
./snap/model.bin.vx.0.0
./snap/model.bin.vy.0.0
./snap/model.bin.p.0.0

./snap/model.bin.div.0.0
./snap/model.bin.curl.0.0



 PE 0 is writing snapshot-data at T=0.068000s to 
./snap/model.bin.vx.0.0
./snap/model.bin.vy.0.0
./snap/model.bin.p.0.0

./snap/model.bin.div.0.0
./snap/model.bin.curl.0.0



 PE 0 is writing snapshot-data at T=0.069000s to 
./snap/model.bin.vx.0.0
./snap/model.bin.vy.0.0
./snap/model.bin.p.0.0

./snap/model.bin.div.0.0
./snap/model.bin.curl.0.0



 PE 0 is writing snapshot-data at T=0.070000s to 
./snap/model.bin.vx.0.0
./snap/model.bin.vy.0.0
./snap/model.bin.p.0.0

./snap/model.bin.div.0.0
./snap/model.bin.curl.0.0


 Computing timestep 701 of 5000 

 **Message from update_v_interior (printed by PE 0):
 Updating particle velocities ... finished (real time: 0.000 s).

 **Message from update_v_PML (printed by PE 0):
 Updating particle velocities ... finished (real time: 0.000 s).
 particle velocity exchange between PEs ... finished (real time: 0.000 s).

 **Message from update_s_interior (printed by PE 0):
 Updating stress components ... finished (real time: 0.000 s).

 **Message from update_s_PML (printed by PE 0):
 Updating stress components ... finished (real time: 0.000 s).
 stress exchange between PEs ... finished (real time: 0.001 s).
 total real time for timestep 701 : 0.001 s.


 PE 0 is writing snapshot-data at T=0.071000s to 
./snap/model.bin.vx.0.0
./snap/model.bin.vy.0.0
./snap/model.bin.p.0.0

./snap/model.bin.div.0.0
./snap/model.bin.curl.0.0



 PE 0 is writing snapshot-data at T=0.072000s to 
./snap/model.bin.vx.0.0
./snap/model.bin.vy.0.0
./snap/model.bin.p.0.0

./snap/model.bin.div.0.0
./snap/model.bin.curl.0.0



 PE 0 is writing snapshot-data at T=0.073000s to 
./snap/model.bin.vx.0.0
./snap/model.bin.vy.0.0
./snap/model.bin.p.0.0

./snap/model.bin.div.0.0
./snap/model.bin.curl.0.0



 PE 0 is writing snapshot-data at T=0.074000s to 
./snap/model.bin.vx.0.0
./snap/model.bin.vy.0.0
./snap/model.bin.p.0.0

./snap/model.bin.div.0.0
./snap/model.bin.curl.0.0



 PE 0 is writing snapshot-data at T=0.075000s to 
./snap/model.bin.vx.0.0
./snap/model.bin.vy.0.0
./snap/model.bin.p.0.0

./snap/model.bin.div.0.0
./snap/model.bin.curl.0.0



 PE 0 is writing snapshot-data at T=0.076000s to 
./snap/model.bin.vx.0.0
./snap/model.bin.vy.0.0
./snap/model.bin.p.0.0

./snap/model.bin.div.0.0
./snap/model.bin.curl.0.0



 PE 0 is writing snapshot-data at T=0.077000s to 
./snap/model.bin.vx.0.0
./snap/model.bin.vy.0.0
./snap/model.bin.p.0.0

./snap/model.bin.div.0.0
./snap/model.bin.curl.0.0



 PE 0 is writing snapshot-data at T=0.078000s to 
./snap/model.bin.vx.0.0
./snap/model.bin.vy.0.0
./snap/model.bin.p.0.0

./snap/model.bin.div.0.0
./snap/model.bin.curl.0.0



 PE 0 is writing snapshot-data at T=0.079000s to 
./snap/model.bin.vx.0.0
./snap/model.bin.vy.0.0
./snap/model.bin.p.0.0

./snap/model.bin.div.0.0
./snap/model.bin.curl.0.0



 PE 0 is writing snapshot-data at T=0.080000s to 
./snap/model.bin.vx.0.0
./snap/model.bin.vy.0.0
./snap/model.bin.p.0.0

./snap/model.bin.div.0.0
./snap/model.bin.curl.0.0


 Computing timestep 801 of 5000 

 **Message from update_v_interior (printed by PE 0):
 Updating particle velocities ... finished (real time: 0.000 s).

 **Message from update_v_PML (printed by PE 0):
 Updating particle velocities ... finished (real time: 0.000 s).
 particle velocity exchange between PEs ... finished (real time: 0.012 s).

 **Message from update_s_interior (printed by PE 0):
 Updating stress components ... finished (real time: 0.000 s).

 **Message from update_s_PML (printed by PE 0):
 Updating stress components ... finished (real time: 0.000 s).
 stress exchange between PEs ... finished (real time: 0.023 s).
 total real time for timestep 801 : 0.035 s.


 PE 0 is writing snapshot-data at T=0.081000s to 
./snap/model.bin.vx.0.0
./snap/model.bin.vy.0.0
./snap/model.bin.p.0.0

./snap/model.bin.div.0.0
./snap/model.bin.curl.0.0



 PE 0 is writing snapshot-data at T=0.082000s to 
./snap/model.bin.vx.0.0
./snap/model.bin.vy.0.0
./snap/model.bin.p.0.0

./snap/model.bin.div.0.0
./snap/model.bin.curl.0.0



 PE 0 is writing snapshot-data at T=0.083000s to 
./snap/model.bin.vx.0.0
./snap/model.bin.vy.0.0
./snap/model.bin.p.0.0

./snap/model.bin.div.0.0
./snap/model.bin.curl.0.0



 PE 0 is writing snapshot-data at T=0.084000s to 
./snap/model.bin.vx.0.0
./snap/model.bin.vy.0.0
./snap/model.bin.p.0.0

./snap/model.bin.div.0.0
./snap/model.bin.curl.0.0



 PE 0 is writing snapshot-data at T=0.085000s to 
./snap/model.bin.vx.0.0
./snap/model.bin.vy.0.0
./snap/model.bin.p.0.0

./snap/model.bin.div.0.0
./snap/model.bin.curl.0.0



 PE 0 is writing snapshot-data at T=0.086000s to 
./snap/model.bin.vx.0.0
./snap/model.bin.vy.0.0
./snap/model.bin.p.0.0

./snap/model.bin.div.0.0
./snap/model.bin.curl.0.0



 PE 0 is writing snapshot-data at T=0.087000s to 
./snap/model.bin.vx.0.0
./snap/model.bin.vy.0.0
./snap/model.bin.p.0.0

./snap/model.bin.div.0.0
./snap/model.bin.curl.0.0



 PE 0 is writing snapshot-data at T=0.088000s to 
./snap/model.bin.vx.0.0
./snap/model.bin.vy.0.0
./snap/model.bin.p.0.0

./snap/model.bin.div.0.0
./snap/model.bin.curl.0.0



 PE 0 is writing snapshot-data at T=0.089000s to 
./snap/model.bin.vx.0.0
./snap/model.bin.vy.0.0
./snap/model.bin.p.0.0

./snap/model.bin.div.0.0
./snap/model.bin.curl.0.0



 PE 0 is writing snapshot-data at T=0.090000s to 
./snap/model.bin.vx.0.0
./snap/model.bin.vy.0.0
./snap/model.bin.p.0.0

./snap/model.bin.div.0.0
./snap/model.bin.curl.0.0


 Computing timestep 901 of 5000 

 **Message from update_v_interior (printed by PE 0):
 Updating particle velocities ... finished (real time: 0.000 s).

 **Message from update_v_PML (printed by PE 0):
 Updating particle velocities ... finished (real time: 0.000 s).
 particle velocity exchange between PEs ... finished (real time: 0.003 s).

 **Message from update_s_interior (printed by PE 0):
 Updating stress components ... finished (real time: 0.000 s).

 **Message from update_s_PML (printed by PE 0):
 Updating stress components ... finished (real time: 0.000 s).
 stress exchange between PEs ... finished (real time: 0.023 s).
 total real time for timestep 901 : 0.027 s.


 PE 0 is writing snapshot-data at T=0.091000s to 
./snap/model.bin.vx.0.0
./snap/model.bin.vy.0.0
./snap/model.bin.p.0.0

./snap/model.bin.div.0.0
./snap/model.bin.curl.0.0



 PE 0 is writing snapshot-data at T=0.092000s to 
./snap/model.bin.vx.0.0
./snap/model.bin.vy.0.0
./snap/model.bin.p.0.0

./snap/model.bin.div.0.0
./snap/model.bin.curl.0.0



 PE 0 is writing snapshot-data at T=0.093000s to 
./snap/model.bin.vx.0.0
./snap/model.bin.vy.0.0
./snap/model.bin.p.0.0

./snap/model.bin.div.0.0
./snap/model.bin.curl.0.0



 PE 0 is writing snapshot-data at T=0.094000s to 
./snap/model.bin.vx.0.0
./snap/model.bin.vy.0.0
./snap/model.bin.p.0.0

./snap/model.bin.div.0.0
./snap/model.bin.curl.0.0



 PE 0 is writing snapshot-data at T=0.095000s to 
./snap/model.bin.vx.0.0
./snap/model.bin.vy.0.0
./snap/model.bin.p.0.0

./snap/model.bin.div.0.0
./snap/model.bin.curl.0.0



 PE 0 is writing snapshot-data at T=0.096000s to 
./snap/model.bin.vx.0.0
./snap/model.bin.vy.0.0
./snap/model.bin.p.0.0

./snap/model.bin.div.0.0
./snap/model.bin.curl.0.0



 PE 0 is writing snapshot-data at T=0.097000s to 
./snap/model.bin.vx.0.0
./snap/model.bin.vy.0.0
./snap/model.bin.p.0.0

./snap/model.bin.div.0.0
./snap/model.bin.curl.0.0



 PE 0 is writing snapshot-data at T=0.098000s to 
./snap/model.bin.vx.0.0
./snap/model.bin.vy.0.0
./snap/model.bin.p.0.0

./snap/model.bin.div.0.0
./snap/model.bin.curl.0.0



 PE 0 is writing snapshot-data at T=0.099000s to 
./snap/model.bin.vx.0.0
./snap/model.bin.vy.0.0
./snap/model.bin.p.0.0

./snap/model.bin.div.0.0
./snap/model.bin.curl.0.0



 PE 0 is writing snapshot-data at T=0.100000s to 
./snap/model.bin.vx.0.0
./snap/model.bin.vy.0.0
./snap/model.bin.p.0.0

./snap/model.bin.div.0.0
./snap/model.bin.curl.0.0


 Computing timestep 1001 of 5000 

 **Message from update_v_interior (printed by PE 0):
 Updating particle velocities ... finished (real time: 0.000 s).

 **Message from update_v_PML (printed by PE 0):
 Updating particle velocities ... finished (real time: 0.000 s).
 particle velocity exchange between PEs ... finished (real time: 0.008 s).

 **Message from update_s_interior (printed by PE 0):
 Updating stress components ... finished (real time: 0.000 s).

 **Message from update_s_PML (printed by PE 0):
 Updating stress components ... finished (real time: 0.000 s).
 stress exchange between PEs ... finished (real time: 0.022 s).
 total real time for timestep 1001 : 0.030 s.


 PE 0 is writing snapshot-data at T=0.101000s to 
./snap/model.bin.vx.0.0
./snap/model.bin.vy.0.0
./snap/model.bin.p.0.0

./snap/model.bin.div.0.0
./snap/model.bin.curl.0.0



 PE 0 is writing snapshot-data at T=0.102000s to 
./snap/model.bin.vx.0.0
./snap/model.bin.vy.0.0
./snap/model.bin.p.0.0

./snap/model.bin.div.0.0
./snap/model.bin.curl.0.0



 PE 0 is writing snapshot-data at T=0.103000s to 
./snap/model.bin.vx.0.0
./snap/model.bin.vy.0.0
./snap/model.bin.p.0.0

./snap/model.bin.div.0.0
./snap/model.bin.curl.0.0



 PE 0 is writing snapshot-data at T=0.104000s to 
./snap/model.bin.vx.0.0
./snap/model.bin.vy.0.0
./snap/model.bin.p.0.0

./snap/model.bin.div.0.0
./snap/model.bin.curl.0.0



 PE 0 is writing snapshot-data at T=0.105000s to 
./snap/model.bin.vx.0.0
./snap/model.bin.vy.0.0
./snap/model.bin.p.0.0

./snap/model.bin.div.0.0
./snap/model.bin.curl.0.0



 PE 0 is writing snapshot-data at T=0.106000s to 
./snap/model.bin.vx.0.0
./snap/model.bin.vy.0.0
./snap/model.bin.p.0.0

./snap/model.bin.div.0.0
./snap/model.bin.curl.0.0



 PE 0 is writing snapshot-data at T=0.107000s to 
./snap/model.bin.vx.0.0
./snap/model.bin.vy.0.0
./snap/model.bin.p.0.0

./snap/model.bin.div.0.0
./snap/model.bin.curl.0.0



 PE 0 is writing snapshot-data at T=0.108000s to 
./snap/model.bin.vx.0.0
./snap/model.bin.vy.0.0
./snap/model.bin.p.0.0

./snap/model.bin.div.0.0
./snap/model.bin.curl.0.0



 PE 0 is writing snapshot-data at T=0.109000s to 
./snap/model.bin.vx.0.0
./snap/model.bin.vy.0.0
./snap/model.bin.p.0.0

./snap/model.bin.div.0.0
./snap/model.bin.curl.0.0



 PE 0 is writing snapshot-data at T=0.110000s to 
./snap/model.bin.vx.0.0
./snap/model.bin.vy.0.0
./snap/model.bin.p.0.0

./snap/model.bin.div.0.0
./snap/model.bin.curl.0.0


 Computing timestep 1101 of 5000 

 **Message from update_v_interior (printed by PE 0):
 Updating particle velocities ... finished (real time: 0.000 s).

 **Message from update_v_PML (printed by PE 0):
 Updating particle velocities ... finished (real time: 0.000 s).
 particle velocity exchange between PEs ... finished (real time: 0.000 s).

 **Message from update_s_interior (printed by PE 0):
 Updating stress components ... finished (real time: 0.000 s).

 **Message from update_s_PML (printed by PE 0):
 Updating stress components ... finished (real time: 0.000 s).
 stress exchange between PEs ... finished (real time: 0.006 s).
 total real time for timestep 1101 : 0.006 s.


 PE 0 is writing snapshot-data at T=0.111000s to 
./snap/model.bin.vx.0.0
./snap/model.bin.vy.0.0
./snap/model.bin.p.0.0

./snap/model.bin.div.0.0
./snap/model.bin.curl.0.0



 PE 0 is writing snapshot-data at T=0.112000s to 
./snap/model.bin.vx.0.0
./snap/model.bin.vy.0.0
./snap/model.bin.p.0.0

./snap/model.bin.div.0.0
./snap/model.bin.curl.0.0



 PE 0 is writing snapshot-data at T=0.113000s to 
./snap/model.bin.vx.0.0
./snap/model.bin.vy.0.0
./snap/model.bin.p.0.0

./snap/model.bin.div.0.0
./snap/model.bin.curl.0.0



 PE 0 is writing snapshot-data at T=0.114000s to 
./snap/model.bin.vx.0.0
./snap/model.bin.vy.0.0
./snap/model.bin.p.0.0

./snap/model.bin.div.0.0
./snap/model.bin.curl.0.0



 PE 0 is writing snapshot-data at T=0.115000s to 
./snap/model.bin.vx.0.0
./snap/model.bin.vy.0.0
./snap/model.bin.p.0.0

./snap/model.bin.div.0.0
./snap/model.bin.curl.0.0



 PE 0 is writing snapshot-data at T=0.116000s to 
./snap/model.bin.vx.0.0
./snap/model.bin.vy.0.0
./snap/model.bin.p.0.0

./snap/model.bin.div.0.0
./snap/model.bin.curl.0.0



 PE 0 is writing snapshot-data at T=0.117000s to 
./snap/model.bin.vx.0.0
./snap/model.bin.vy.0.0
./snap/model.bin.p.0.0

./snap/model.bin.div.0.0
./snap/model.bin.curl.0.0



 PE 0 is writing snapshot-data at T=0.118000s to 
./snap/model.bin.vx.0.0
./snap/model.bin.vy.0.0
./snap/model.bin.p.0.0

./snap/model.bin.div.0.0
./snap/model.bin.curl.0.0



 PE 0 is writing snapshot-data at T=0.119000s to 
./snap/model.bin.vx.0.0
./snap/model.bin.vy.0.0
./snap/model.bin.p.0.0

./snap/model.bin.div.0.0
./snap/model.bin.curl.0.0



 PE 0 is writing snapshot-data at T=0.120000s to 
./snap/model.bin.vx.0.0
./snap/model.bin.vy.0.0
./snap/model.bin.p.0.0

./snap/model.bin.div.0.0
./snap/model.bin.curl.0.0


 Computing timestep 1201 of 5000 

 **Message from update_v_interior (printed by PE 0):
 Updating particle velocities ... finished (real time: 0.000 s).

 **Message from update_v_PML (printed by PE 0):
 Updating particle velocities ... finished (real time: 0.000 s).
 particle velocity exchange between PEs ... finished (real time: 0.002 s).

 **Message from update_s_interior (printed by PE 0):
 Updating stress components ... finished (real time: 0.000 s).

 **Message from update_s_PML (printed by PE 0):
 Updating stress components ... finished (real time: 0.000 s).
 stress exchange between PEs ... finished (real time: 0.011 s).
 total real time for timestep 1201 : 0.013 s.


 PE 0 is writing snapshot-data at T=0.121000s to 
./snap/model.bin.vx.0.0
./snap/model.bin.vy.0.0
./snap/model.bin.p.0.0

./snap/model.bin.div.0.0
./snap/model.bin.curl.0.0



 PE 0 is writing snapshot-data at T=0.122000s to 
./snap/model.bin.vx.0.0
./snap/model.bin.vy.0.0
./snap/model.bin.p.0.0

./snap/model.bin.div.0.0
./snap/model.bin.curl.0.0



 PE 0 is writing snapshot-data at T=0.123000s to 
./snap/model.bin.vx.0.0
./snap/model.bin.vy.0.0
./snap/model.bin.p.0.0

./snap/model.bin.div.0.0
./snap/model.bin.curl.0.0



 PE 0 is writing snapshot-data at T=0.124000s to 
./snap/model.bin.vx.0.0
./snap/model.bin.vy.0.0
./snap/model.bin.p.0.0

./snap/model.bin.div.0.0
./snap/model.bin.curl.0.0



 PE 0 is writing snapshot-data at T=0.125000s to 
./snap/model.bin.vx.0.0
./snap/model.bin.vy.0.0
./snap/model.bin.p.0.0

./snap/model.bin.div.0.0
./snap/model.bin.curl.0.0



 PE 0 is writing snapshot-data at T=0.126000s to 
./snap/model.bin.vx.0.0
./snap/model.bin.vy.0.0
./snap/model.bin.p.0.0

./snap/model.bin.div.0.0
./snap/model.bin.curl.0.0



 PE 0 is writing snapshot-data at T=0.127000s to 
./snap/model.bin.vx.0.0
./snap/model.bin.vy.0.0
./snap/model.bin.p.0.0

./snap/model.bin.div.0.0
./snap/model.bin.curl.0.0



 PE 0 is writing snapshot-data at T=0.128000s to 
./snap/model.bin.vx.0.0
./snap/model.bin.vy.0.0
./snap/model.bin.p.0.0

./snap/model.bin.div.0.0
./snap/model.bin.curl.0.0



 PE 0 is writing snapshot-data at T=0.129000s to 
./snap/model.bin.vx.0.0
./snap/model.bin.vy.0.0
./snap/model.bin.p.0.0

./snap/model.bin.div.0.0
./snap/model.bin.curl.0.0



 PE 0 is writing snapshot-data at T=0.130000s to 
./snap/model.bin.vx.0.0
./snap/model.bin.vy.0.0
./snap/model.bin.p.0.0

./snap/model.bin.div.0.0
./snap/model.bin.curl.0.0


 Computing timestep 1301 of 5000 

 **Message from update_v_interior (printed by PE 0):
 Updating particle velocities ... finished (real time: 0.000 s).

 **Message from update_v_PML (printed by PE 0):
 Updating particle velocities ... finished (real time: 0.000 s).
 particle velocity exchange between PEs ... finished (real time: 0.011 s).

 **Message from update_s_interior (printed by PE 0):
 Updating stress components ... finished (real time: 0.000 s).

 **Message from update_s_PML (printed by PE 0):
 Updating stress components ... finished (real time: 0.000 s).
 stress exchange between PEs ... finished (real time: 0.007 s).
 total real time for timestep 1301 : 0.018 s.


 PE 0 is writing snapshot-data at T=0.131000s to 
./snap/model.bin.vx.0.0
./snap/model.bin.vy.0.0
./snap/model.bin.p.0.0

./snap/model.bin.div.0.0
./snap/model.bin.curl.0.0



 PE 0 is writing snapshot-data at T=0.132000s to 
./snap/model.bin.vx.0.0
./snap/model.bin.vy.0.0
./snap/model.bin.p.0.0

./snap/model.bin.div.0.0
./snap/model.bin.curl.0.0



 PE 0 is writing snapshot-data at T=0.133000s to 
./snap/model.bin.vx.0.0
./snap/model.bin.vy.0.0
./snap/model.bin.p.0.0

./snap/model.bin.div.0.0
./snap/model.bin.curl.0.0



 PE 0 is writing snapshot-data at T=0.134000s to 
./snap/model.bin.vx.0.0
./snap/model.bin.vy.0.0
./snap/model.bin.p.0.0

./snap/model.bin.div.0.0
./snap/model.bin.curl.0.0



 PE 0 is writing snapshot-data at T=0.135000s to 
./snap/model.bin.vx.0.0
./snap/model.bin.vy.0.0
./snap/model.bin.p.0.0

./snap/model.bin.div.0.0
./snap/model.bin.curl.0.0



 PE 0 is writing snapshot-data at T=0.136000s to 
./snap/model.bin.vx.0.0
./snap/model.bin.vy.0.0
./snap/model.bin.p.0.0

./snap/model.bin.div.0.0
./snap/model.bin.curl.0.0



 PE 0 is writing snapshot-data at T=0.137000s to 
./snap/model.bin.vx.0.0
./snap/model.bin.vy.0.0
./snap/model.bin.p.0.0

./snap/model.bin.div.0.0
./snap/model.bin.curl.0.0



 PE 0 is writing snapshot-data at T=0.138000s to 
./snap/model.bin.vx.0.0
./snap/model.bin.vy.0.0
./snap/model.bin.p.0.0

./snap/model.bin.div.0.0
./snap/model.bin.curl.0.0



 PE 0 is writing snapshot-data at T=0.139000s to 
./snap/model.bin.vx.0.0
./snap/model.bin.vy.0.0
./snap/model.bin.p.0.0

./snap/model.bin.div.0.0
./snap/model.bin.curl.0.0



 PE 0 is writing snapshot-data at T=0.140000s to 
./snap/model.bin.vx.0.0
./snap/model.bin.vy.0.0
./snap/model.bin.p.0.0

./snap/model.bin.div.0.0
./snap/model.bin.curl.0.0


 Computing timestep 1401 of 5000 

 **Message from update_v_interior (printed by PE 0):
 Updating particle velocities ... finished (real time: 0.000 s).

 **Message from update_v_PML (printed by PE 0):
 Updating particle velocities ... finished (real time: 0.000 s).
 particle velocity exchange between PEs ... finished (real time: 0.031 s).

 **Message from update_s_interior (printed by PE 0):
 Updating stress components ... finished (real time: 0.000 s).

 **Message from update_s_PML (printed by PE 0):
 Updating stress components ... finished (real time: 0.000 s).
 stress exchange between PEs ... finished (real time: 0.004 s).
 total real time for timestep 1401 : 0.036 s.


 PE 0 is writing snapshot-data at T=0.141000s to 
./snap/model.bin.vx.0.0
./snap/model.bin.vy.0.0
./snap/model.bin.p.0.0

./snap/model.bin.div.0.0
./snap/model.bin.curl.0.0



 PE 0 is writing snapshot-data at T=0.142000s to 
./snap/model.bin.vx.0.0
./snap/model.bin.vy.0.0
./snap/model.bin.p.0.0

./snap/model.bin.div.0.0
./snap/model.bin.curl.0.0



 PE 0 is writing snapshot-data at T=0.143000s to 
./snap/model.bin.vx.0.0
./snap/model.bin.vy.0.0
./snap/model.bin.p.0.0

./snap/model.bin.div.0.0
./snap/model.bin.curl.0.0



 PE 0 is writing snapshot-data at T=0.144000s to 
./snap/model.bin.vx.0.0
./snap/model.bin.vy.0.0
./snap/model.bin.p.0.0

./snap/model.bin.div.0.0
./snap/model.bin.curl.0.0



 PE 0 is writing snapshot-data at T=0.145000s to 
./snap/model.bin.vx.0.0
./snap/model.bin.vy.0.0
./snap/model.bin.p.0.0

./snap/model.bin.div.0.0
./snap/model.bin.curl.0.0



 PE 0 is writing snapshot-data at T=0.146000s to 
./snap/model.bin.vx.0.0
./snap/model.bin.vy.0.0
./snap/model.bin.p.0.0

./snap/model.bin.div.0.0
./snap/model.bin.curl.0.0



 PE 0 is writing snapshot-data at T=0.147000s to 
./snap/model.bin.vx.0.0
./snap/model.bin.vy.0.0
./snap/model.bin.p.0.0

./snap/model.bin.div.0.0
./snap/model.bin.curl.0.0



 PE 0 is writing snapshot-data at T=0.148000s to 
./snap/model.bin.vx.0.0
./snap/model.bin.vy.0.0
./snap/model.bin.p.0.0

./snap/model.bin.div.0.0
./snap/model.bin.curl.0.0



 PE 0 is writing snapshot-data at T=0.149000s to 
./snap/model.bin.vx.0.0
./snap/model.bin.vy.0.0
./snap/model.bin.p.0.0

./snap/model.bin.div.0.0
./snap/model.bin.curl.0.0



 PE 0 is writing snapshot-data at T=0.150000s to 
./snap/model.bin.vx.0.0
./snap/model.bin.vy.0.0
./snap/model.bin.p.0.0

./snap/model.bin.div.0.0
./snap/model.bin.curl.0.0


 Computing timestep 1501 of 5000 

 **Message from update_v_interior (printed by PE 0):
 Updating particle velocities ... finished (real time: 0.000 s).

 **Message from update_v_PML (printed by PE 0):
 Updating particle velocities ... finished (real time: 0.000 s).
 particle velocity exchange between PEs ... finished (real time: 0.021 s).

 **Message from update_s_interior (printed by PE 0):
 Updating stress components ... finished (real time: 0.000 s).

 **Message from update_s_PML (printed by PE 0):
 Updating stress components ... finished (real time: 0.000 s).
 stress exchange between PEs ... finished (real time: 0.001 s).
 total real time for timestep 1501 : 0.022 s.


 PE 0 is writing snapshot-data at T=0.151000s to 
./snap/model.bin.vx.0.0
./snap/model.bin.vy.0.0
./snap/model.bin.p.0.0

./snap/model.bin.div.0.0
./snap/model.bin.curl.0.0



 PE 0 is writing snapshot-data at T=0.152000s to 
./snap/model.bin.vx.0.0
./snap/model.bin.vy.0.0
./snap/model.bin.p.0.0

./snap/model.bin.div.0.0
./snap/model.bin.curl.0.0



 PE 0 is writing snapshot-data at T=0.153000s to 
./snap/model.bin.vx.0.0
./snap/model.bin.vy.0.0
./snap/model.bin.p.0.0

./snap/model.bin.div.0.0
./snap/model.bin.curl.0.0



 PE 0 is writing snapshot-data at T=0.154000s to 
./snap/model.bin.vx.0.0
./snap/model.bin.vy.0.0
./snap/model.bin.p.0.0

./snap/model.bin.div.0.0
./snap/model.bin.curl.0.0



 PE 0 is writing snapshot-data at T=0.155000s to 
./snap/model.bin.vx.0.0
./snap/model.bin.vy.0.0
./snap/model.bin.p.0.0

./snap/model.bin.div.0.0
./snap/model.bin.curl.0.0



 PE 0 is writing snapshot-data at T=0.156000s to 
./snap/model.bin.vx.0.0
./snap/model.bin.vy.0.0
./snap/model.bin.p.0.0

./snap/model.bin.div.0.0
./snap/model.bin.curl.0.0



 PE 0 is writing snapshot-data at T=0.157000s to 
./snap/model.bin.vx.0.0
./snap/model.bin.vy.0.0
./snap/model.bin.p.0.0

./snap/model.bin.div.0.0
./snap/model.bin.curl.0.0



 PE 0 is writing snapshot-data at T=0.158000s to 
./snap/model.bin.vx.0.0
./snap/model.bin.vy.0.0
./snap/model.bin.p.0.0

./snap/model.bin.div.0.0
./snap/model.bin.curl.0.0



 PE 0 is writing snapshot-data at T=0.159000s to 
./snap/model.bin.vx.0.0
./snap/model.bin.vy.0.0
./snap/model.bin.p.0.0

./snap/model.bin.div.0.0
./snap/model.bin.curl.0.0



 PE 0 is writing snapshot-data at T=0.160000s to 
./snap/model.bin.vx.0.0
./snap/model.bin.vy.0.0
./snap/model.bin.p.0.0

./snap/model.bin.div.0.0
./snap/model.bin.curl.0.0


 Computing timestep 1601 of 5000 

 **Message from update_v_interior (printed by PE 0):
 Updating particle velocities ... finished (real time: 0.000 s).

 **Message from update_v_PML (printed by PE 0):
 Updating particle velocities ... finished (real time: 0.000 s).
 particle velocity exchange between PEs ... finished (real time: 0.036 s).

 **Message from update_s_interior (printed by PE 0):
 Updating stress components ... finished (real time: 0.000 s).

 **Message from update_s_PML (printed by PE 0):
 Updating stress components ... finished (real time: 0.000 s).
 stress exchange between PEs ... finished (real time: 0.005 s).
 total real time for timestep 1601 : 0.042 s.


 PE 0 is writing snapshot-data at T=0.161000s to 
./snap/model.bin.vx.0.0
./snap/model.bin.vy.0.0
./snap/model.bin.p.0.0

./snap/model.bin.div.0.0
./snap/model.bin.curl.0.0



 PE 0 is writing snapshot-data at T=0.162000s to 
./snap/model.bin.vx.0.0
./snap/model.bin.vy.0.0
./snap/model.bin.p.0.0

./snap/model.bin.div.0.0
./snap/model.bin.curl.0.0



 PE 0 is writing snapshot-data at T=0.163000s to 
./snap/model.bin.vx.0.0
./snap/model.bin.vy.0.0
./snap/model.bin.p.0.0

./snap/model.bin.div.0.0
./snap/model.bin.curl.0.0



 PE 0 is writing snapshot-data at T=0.164000s to 
./snap/model.bin.vx.0.0
./snap/model.bin.vy.0.0
./snap/model.bin.p.0.0

./snap/model.bin.div.0.0
./snap/model.bin.curl.0.0



 PE 0 is writing snapshot-data at T=0.165000s to 
./snap/model.bin.vx.0.0
./snap/model.bin.vy.0.0
./snap/model.bin.p.0.0

./snap/model.bin.div.0.0
./snap/model.bin.curl.0.0



 PE 0 is writing snapshot-data at T=0.166000s to 
./snap/model.bin.vx.0.0
./snap/model.bin.vy.0.0
./snap/model.bin.p.0.0

./snap/model.bin.div.0.0
./snap/model.bin.curl.0.0



 PE 0 is writing snapshot-data at T=0.167000s to 
./snap/model.bin.vx.0.0
./snap/model.bin.vy.0.0
./snap/model.bin.p.0.0

./snap/model.bin.div.0.0
./snap/model.bin.curl.0.0



 PE 0 is writing snapshot-data at T=0.168000s to 
./snap/model.bin.vx.0.0
./snap/model.bin.vy.0.0
./snap/model.bin.p.0.0

./snap/model.bin.div.0.0
./snap/model.bin.curl.0.0



 PE 0 is writing snapshot-data at T=0.169000s to 
./snap/model.bin.vx.0.0
./snap/model.bin.vy.0.0
./snap/model.bin.p.0.0

./snap/model.bin.div.0.0
./snap/model.bin.curl.0.0



 PE 0 is writing snapshot-data at T=0.170000s to 
./snap/model.bin.vx.0.0
./snap/model.bin.vy.0.0
./snap/model.bin.p.0.0

./snap/model.bin.div.0.0
./snap/model.bin.curl.0.0


 Computing timestep 1701 of 5000 

 **Message from update_v_interior (printed by PE 0):
 Updating particle velocities ... finished (real time: 0.000 s).

 **Message from update_v_PML (printed by PE 0):
 Updating particle velocities ... finished (real time: 0.000 s).
 particle velocity exchange between PEs ... finished (real time: 0.050 s).

 **Message from update_s_interior (printed by PE 0):
 Updating stress components ... finished (real time: 0.000 s).

 **Message from update_s_PML (printed by PE 0):
 Updating stress components ... finished (real time: 0.000 s).
 stress exchange between PEs ... finished (real time: 0.000 s).
 total real time for timestep 1701 : 0.050 s.


 PE 0 is writing snapshot-data at T=0.171000s to 
./snap/model.bin.vx.0.0
./snap/model.bin.vy.0.0
./snap/model.bin.p.0.0

./snap/model.bin.div.0.0
./snap/model.bin.curl.0.0



 PE 0 is writing snapshot-data at T=0.172000s to 
./snap/model.bin.vx.0.0
./snap/model.bin.vy.0.0
./snap/model.bin.p.0.0

./snap/model.bin.div.0.0
./snap/model.bin.curl.0.0



 PE 0 is writing snapshot-data at T=0.173000s to 
./snap/model.bin.vx.0.0
./snap/model.bin.vy.0.0
./snap/model.bin.p.0.0

./snap/model.bin.div.0.0
./snap/model.bin.curl.0.0



 PE 0 is writing snapshot-data at T=0.174000s to 
./snap/model.bin.vx.0.0
./snap/model.bin.vy.0.0
./snap/model.bin.p.0.0

./snap/model.bin.div.0.0
./snap/model.bin.curl.0.0



 PE 0 is writing snapshot-data at T=0.175000s to 
./snap/model.bin.vx.0.0
./snap/model.bin.vy.0.0
./snap/model.bin.p.0.0

./snap/model.bin.div.0.0
./snap/model.bin.curl.0.0



 PE 0 is writing snapshot-data at T=0.176000s to 
./snap/model.bin.vx.0.0
./snap/model.bin.vy.0.0
./snap/model.bin.p.0.0

./snap/model.bin.div.0.0
./snap/model.bin.curl.0.0



 PE 0 is writing snapshot-data at T=0.177000s to 
./snap/model.bin.vx.0.0
./snap/model.bin.vy.0.0
./snap/model.bin.p.0.0

./snap/model.bin.div.0.0
./snap/model.bin.curl.0.0



 PE 0 is writing snapshot-data at T=0.178000s to 
./snap/model.bin.vx.0.0
./snap/model.bin.vy.0.0
./snap/model.bin.p.0.0

./snap/model.bin.div.0.0
./snap/model.bin.curl.0.0



 PE 0 is writing snapshot-data at T=0.179000s to 
./snap/model.bin.vx.0.0
./snap/model.bin.vy.0.0
./snap/model.bin.p.0.0

./snap/model.bin.div.0.0
./snap/model.bin.curl.0.0



 PE 0 is writing snapshot-data at T=0.180000s to 
./snap/model.bin.vx.0.0
./snap/model.bin.vy.0.0
./snap/model.bin.p.0.0

./snap/model.bin.div.0.0
./snap/model.bin.curl.0.0


 Computing timestep 1801 of 5000 

 **Message from update_v_interior (printed by PE 0):
 Updating particle velocities ... finished (real time: 0.000 s).

 **Message from update_v_PML (printed by PE 0):
 Updating particle velocities ... finished (real time: 0.000 s).
 particle velocity exchange between PEs ... finished (real time: 0.025 s).

 **Message from update_s_interior (printed by PE 0):
 Updating stress components ... finished (real time: 0.000 s).

 **Message from update_s_PML (printed by PE 0):
 Updating stress components ... finished (real time: 0.000 s).
 stress exchange between PEs ... finished (real time: 0.003 s).
 total real time for timestep 1801 : 0.028 s.


 PE 0 is writing snapshot-data at T=0.181000s to 
./snap/model.bin.vx.0.0
./snap/model.bin.vy.0.0
./snap/model.bin.p.0.0

./snap/model.bin.div.0.0
./snap/model.bin.curl.0.0



 PE 0 is writing snapshot-data at T=0.182000s to 
./snap/model.bin.vx.0.0
./snap/model.bin.vy.0.0
./snap/model.bin.p.0.0

./snap/model.bin.div.0.0
./snap/model.bin.curl.0.0



 PE 0 is writing snapshot-data at T=0.183000s to 
./snap/model.bin.vx.0.0
./snap/model.bin.vy.0.0
./snap/model.bin.p.0.0

./snap/model.bin.div.0.0
./snap/model.bin.curl.0.0



 PE 0 is writing snapshot-data at T=0.184000s to 
./snap/model.bin.vx.0.0
./snap/model.bin.vy.0.0
./snap/model.bin.p.0.0

./snap/model.bin.div.0.0
./snap/model.bin.curl.0.0



 PE 0 is writing snapshot-data at T=0.185000s to 
./snap/model.bin.vx.0.0
./snap/model.bin.vy.0.0
./snap/model.bin.p.0.0

./snap/model.bin.div.0.0
./snap/model.bin.curl.0.0



 PE 0 is writing snapshot-data at T=0.186000s to 
./snap/model.bin.vx.0.0
./snap/model.bin.vy.0.0
./snap/model.bin.p.0.0

./snap/model.bin.div.0.0
./snap/model.bin.curl.0.0



 PE 0 is writing snapshot-data at T=0.187000s to 
./snap/model.bin.vx.0.0
./snap/model.bin.vy.0.0
./snap/model.bin.p.0.0

./snap/model.bin.div.0.0
./snap/model.bin.curl.0.0



 PE 0 is writing snapshot-data at T=0.188000s to 
./snap/model.bin.vx.0.0
./snap/model.bin.vy.0.0
./snap/model.bin.p.0.0

./snap/model.bin.div.0.0
./snap/model.bin.curl.0.0



 PE 0 is writing snapshot-data at T=0.189000s to 
./snap/model.bin.vx.0.0
./snap/model.bin.vy.0.0
./snap/model.bin.p.0.0

./snap/model.bin.div.0.0
./snap/model.bin.curl.0.0



 PE 0 is writing snapshot-data at T=0.190000s to 
./snap/model.bin.vx.0.0
./snap/model.bin.vy.0.0
./snap/model.bin.p.0.0

./snap/model.bin.div.0.0
./snap/model.bin.curl.0.0


 Computing timestep 1901 of 5000 

 **Message from update_v_interior (printed by PE 0):
 Updating particle velocities ... finished (real time: 0.000 s).

 **Message from update_v_PML (printed by PE 0):
 Updating particle velocities ... finished (real time: 0.000 s).
 particle velocity exchange between PEs ... finished (real time: 0.039 s).

 **Message from update_s_interior (printed by PE 0):
 Updating stress components ... finished (real time: 0.000 s).

 **Message from update_s_PML (printed by PE 0):
 Updating stress components ... finished (real time: 0.000 s).
 stress exchange between PEs ... finished (real time: 0.000 s).
 total real time for timestep 1901 : 0.039 s.


 PE 0 is writing snapshot-data at T=0.191000s to 
./snap/model.bin.vx.0.0
./snap/model.bin.vy.0.0
./snap/model.bin.p.0.0

./snap/model.bin.div.0.0
./snap/model.bin.curl.0.0



 PE 0 is writing snapshot-data at T=0.192000s to 
./snap/model.bin.vx.0.0
./snap/model.bin.vy.0.0
./snap/model.bin.p.0.0

./snap/model.bin.div.0.0
./snap/model.bin.curl.0.0



 PE 0 is writing snapshot-data at T=0.193000s to 
./snap/model.bin.vx.0.0
./snap/model.bin.vy.0.0
./snap/model.bin.p.0.0

./snap/model.bin.div.0.0
./snap/model.bin.curl.0.0



 PE 0 is writing snapshot-data at T=0.194000s to 
./snap/model.bin.vx.0.0
./snap/model.bin.vy.0.0
./snap/model.bin.p.0.0

./snap/model.bin.div.0.0
./snap/model.bin.curl.0.0



 PE 0 is writing snapshot-data at T=0.195000s to 
./snap/model.bin.vx.0.0
./snap/model.bin.vy.0.0
./snap/model.bin.p.0.0

./snap/model.bin.div.0.0
./snap/model.bin.curl.0.0



 PE 0 is writing snapshot-data at T=0.196000s to 
./snap/model.bin.vx.0.0
./snap/model.bin.vy.0.0
./snap/model.bin.p.0.0

./snap/model.bin.div.0.0
./snap/model.bin.curl.0.0



 PE 0 is writing snapshot-data at T=0.197000s to 
./snap/model.bin.vx.0.0
./snap/model.bin.vy.0.0
./snap/model.bin.p.0.0

./snap/model.bin.div.0.0
./snap/model.bin.curl.0.0



 PE 0 is writing snapshot-data at T=0.198000s to 
./snap/model.bin.vx.0.0
./snap/model.bin.vy.0.0
./snap/model.bin.p.0.0

./snap/model.bin.div.0.0
./snap/model.bin.curl.0.0



 PE 0 is writing snapshot-data at T=0.199000s to 
./snap/model.bin.vx.0.0
./snap/model.bin.vy.0.0
./snap/model.bin.p.0.0

./snap/model.bin.div.0.0
./snap/model.bin.curl.0.0



 PE 0 is writing snapshot-data at T=0.200000s to 
./snap/model.bin.vx.0.0
./snap/model.bin.vy.0.0
./snap/model.bin.p.0.0

./snap/model.bin.div.0.0
./snap/model.bin.curl.0.0


 Computing timestep 2001 of 5000 

 **Message from update_v_interior (printed by PE 0):
 Updating particle velocities ... finished (real time: 0.000 s).

 **Message from update_v_PML (printed by PE 0):
 Updating particle velocities ... finished (real time: 0.000 s).
 particle velocity exchange between PEs ... finished (real time: 0.015 s).

 **Message from update_s_interior (printed by PE 0):
 Updating stress components ... finished (real time: 0.000 s).

 **Message from update_s_PML (printed by PE 0):
 Updating stress components ... finished (real time: 0.000 s).
 stress exchange between PEs ... finished (real time: 0.000 s).
 total real time for timestep 2001 : 0.015 s.

 Computing timestep 2101 of 5000 

 **Message from update_v_interior (printed by PE 0):
 Updating particle velocities ... finished (real time: 0.000 s).

 **Message from update_v_PML (printed by PE 0):
 Updating particle velocities ... finished (real time: 0.000 s).
 particle velocity exchange between PEs ... finished (real time: 0.000 s).

 **Message from update_s_interior (printed by PE 0):
 Updating stress components ... finished (real time: 0.000 s).

 **Message from update_s_PML (printed by PE 0):
 Updating stress components ... finished (real time: 0.000 s).
 stress exchange between PEs ... finished (real time: 0.001 s).
 total real time for timestep 2101 : 0.002 s.

 Computing timestep 2201 of 5000 

 **Message from update_v_interior (printed by PE 0):
 Updating particle velocities ... finished (real time: 0.000 s).

 **Message from update_v_PML (printed by PE 0):
 Updating particle velocities ... finished (real time: 0.000 s).
 particle velocity exchange between PEs ... finished (real time: 0.001 s).

 **Message from update_s_interior (printed by PE 0):
 Updating stress components ... finished (real time: 0.000 s).

 **Message from update_s_PML (printed by PE 0):
 Updating stress components ... finished (real time: 0.000 s).
 stress exchange between PEs ... finished (real time: 0.000 s).
 total real time for timestep 2201 : 0.002 s.

 Computing timestep 2301 of 5000 

 **Message from update_v_interior (printed by PE 0):
 Updating particle velocities ... finished (real time: 0.000 s).

 **Message from update_v_PML (printed by PE 0):
 Updating particle velocities ... finished (real time: 0.000 s).
 particle velocity exchange between PEs ... finished (real time: 0.001 s).

 **Message from update_s_interior (printed by PE 0):
 Updating stress components ... finished (real time: 0.000 s).

 **Message from update_s_PML (printed by PE 0):
 Updating stress components ... finished (real time: 0.000 s).
 stress exchange between PEs ... finished (real time: 0.000 s).
 total real time for timestep 2301 : 0.002 s.

 Computing timestep 2401 of 5000 

 **Message from update_v_interior (printed by PE 0):
 Updating particle velocities ... finished (real time: 0.000 s).

 **Message from update_v_PML (printed by PE 0):
 Updating particle velocities ... finished (real time: 0.000 s).
 particle velocity exchange between PEs ... finished (real time: 0.001 s).

 **Message from update_s_interior (printed by PE 0):
 Updating stress components ... finished (real time: 0.000 s).

 **Message from update_s_PML (printed by PE 0):
 Updating stress components ... finished (real time: 0.000 s).
 stress exchange between PEs ... finished (real time: 0.001 s).
 total real time for timestep 2401 : 0.002 s.

 Computing timestep 2501 of 5000 

 **Message from update_v_interior (printed by PE 0):
 Updating particle velocities ... finished (real time: 0.000 s).

 **Message from update_v_PML (printed by PE 0):
 Updating particle velocities ... finished (real time: 0.000 s).
 particle velocity exchange between PEs ... finished (real time: 0.001 s).

 **Message from update_s_interior (printed by PE 0):
 Updating stress components ... finished (real time: 0.000 s).

 **Message from update_s_PML (printed by PE 0):
 Updating stress components ... finished (real time: 0.000 s).
 stress exchange between PEs ... finished (real time: 0.001 s).
 total real time for timestep 2501 : 0.002 s.

 Computing timestep 2601 of 5000 

 **Message from update_v_interior (printed by PE 0):
 Updating particle velocities ... finished (real time: 0.000 s).

 **Message from update_v_PML (printed by PE 0):
 Updating particle velocities ... finished (real time: 0.000 s).
 particle velocity exchange between PEs ... finished (real time: 0.001 s).

 **Message from update_s_interior (printed by PE 0):
 Updating stress components ... finished (real time: 0.000 s).

 **Message from update_s_PML (printed by PE 0):
 Updating stress components ... finished (real time: 0.000 s).
 stress exchange between PEs ... finished (real time: 0.002 s).
 total real time for timestep 2601 : 0.003 s.

 Computing timestep 2701 of 5000 

 **Message from update_v_interior (printed by PE 0):
 Updating particle velocities ... finished (real time: 0.000 s).

 **Message from update_v_PML (printed by PE 0):
 Updating particle velocities ... finished (real time: 0.000 s).
 particle velocity exchange between PEs ... finished (real time: 0.000 s).

 **Message from update_s_interior (printed by PE 0):
 Updating stress components ... finished (real time: 0.000 s).

 **Message from update_s_PML (printed by PE 0):
 Updating stress components ... finished (real time: 0.000 s).
 stress exchange between PEs ... finished (real time: 0.001 s).
 total real time for timestep 2701 : 0.002 s.

 Computing timestep 2801 of 5000 

 **Message from update_v_interior (printed by PE 0):
 Updating particle velocities ... finished (real time: 0.000 s).

 **Message from update_v_PML (printed by PE 0):
 Updating particle velocities ... finished (real time: 0.000 s).
 particle velocity exchange between PEs ... finished (real time: 0.000 s).

 **Message from update_s_interior (printed by PE 0):
 Updating stress components ... finished (real time: 0.000 s).

 **Message from update_s_PML (printed by PE 0):
 Updating stress components ... finished (real time: 0.000 s).
 stress exchange between PEs ... finished (real time: 0.000 s).
 total real time for timestep 2801 : 0.000 s.

 Computing timestep 2901 of 5000 

 **Message from update_v_interior (printed by PE 0):
 Updating particle velocities ... finished (real time: 0.000 s).

 **Message from update_v_PML (printed by PE 0):
 Updating particle velocities ... finished (real time: 0.000 s).
 particle velocity exchange between PEs ... finished (real time: 0.000 s).

 **Message from update_s_interior (printed by PE 0):
 Updating stress components ... finished (real time: 0.000 s).

 **Message from update_s_PML (printed by PE 0):
 Updating stress components ... finished (real time: 0.000 s).
 stress exchange between PEs ... finished (real time: 0.000 s).
 total real time for timestep 2901 : 0.000 s.

 Computing timestep 3001 of 5000 

 **Message from update_v_interior (printed by PE 0):
 Updating particle velocities ... finished (real time: 0.000 s).

 **Message from update_v_PML (printed by PE 0):
 Updating particle velocities ... finished (real time: 0.000 s).
 particle velocity exchange between PEs ... finished (real time: 0.000 s).

 **Message from update_s_interior (printed by PE 0):
 Updating stress components ... finished (real time: 0.000 s).

 **Message from update_s_PML (printed by PE 0):
 Updating stress components ... finished (real time: 0.000 s).
 stress exchange between PEs ... finished (real time: 0.000 s).
 total real time for timestep 3001 : 0.000 s.

 Computing timestep 3101 of 5000 

 **Message from update_v_interior (printed by PE 0):
 Updating particle velocities ... finished (real time: 0.000 s).

 **Message from update_v_PML (printed by PE 0):
 Updating particle velocities ... finished (real time: 0.000 s).
 particle velocity exchange between PEs ... finished (real time: 0.000 s).

 **Message from update_s_interior (printed by PE 0):
 Updating stress components ... finished (real time: 0.000 s).

 **Message from update_s_PML (printed by PE 0):
 Updating stress components ... finished (real time: 0.000 s).
 stress exchange between PEs ... finished (real time: 0.000 s).
 total real time for timestep 3101 : 0.000 s.

 Computing timestep 3201 of 5000 

 **Message from update_v_interior (printed by PE 0):
 Updating particle velocities ... finished (real time: 0.000 s).

 **Message from update_v_PML (printed by PE 0):
 Updating particle velocities ... finished (real time: 0.000 s).
 particle velocity exchange between PEs ... finished (real time: 0.000 s).

 **Message from update_s_interior (printed by PE 0):
 Updating stress components ... finished (real time: 0.000 s).

 **Message from update_s_PML (printed by PE 0):
 Updating stress components ... finished (real time: 0.000 s).
 stress exchange between PEs ... finished (real time: 0.000 s).
 total real time for timestep 3201 : 0.000 s.

 Computing timestep 3301 of 5000 

 **Message from update_v_interior (printed by PE 0):
 Updating particle velocities ... finished (real time: 0.000 s).

 **Message from update_v_PML (printed by PE 0):
 Updating particle velocities ... finished (real time: 0.000 s).
 particle velocity exchange between PEs ... finished (real time: 0.000 s).

 **Message from update_s_interior (printed by PE 0):
 Updating stress components ... finished (real time: 0.000 s).

 **Message from update_s_PML (printed by PE 0):
 Updating stress components ... finished (real time: 0.000 s).
 stress exchange between PEs ... finished (real time: 0.000 s).
 total real time for timestep 3301 : 0.000 s.

 Computing timestep 3401 of 5000 

 **Message from update_v_interior (printed by PE 0):
 Updating particle velocities ... finished (real time: 0.000 s).

 **Message from update_v_PML (printed by PE 0):
 Updating particle velocities ... finished (real time: 0.000 s).
 particle velocity exchange between PEs ... finished (real time: 0.000 s).

 **Message from update_s_interior (printed by PE 0):
 Updating stress components ... finished (real time: 0.000 s).

 **Message from update_s_PML (printed by PE 0):
 Updating stress components ... finished (real time: 0.000 s).
 stress exchange between PEs ... finished (real time: 0.000 s).
 total real time for timestep 3401 : 0.000 s.

 Computing timestep 3501 of 5000 

 **Message from update_v_interior (printed by PE 0):
 Updating particle velocities ... finished (real time: 0.000 s).

 **Message from update_v_PML (printed by PE 0):
 Updating particle velocities ... finished (real time: 0.000 s).
 particle velocity exchange between PEs ... finished (real time: 0.000 s).

 **Message from update_s_interior (printed by PE 0):
 Updating stress components ... finished (real time: 0.000 s).

 **Message from update_s_PML (printed by PE 0):
 Updating stress components ... finished (real time: 0.000 s).
 stress exchange between PEs ... finished (real time: 0.000 s).
 total real time for timestep 3501 : 0.000 s.

 Computing timestep 3601 of 5000 

 **Message from update_v_interior (printed by PE 0):
 Updating particle velocities ... finished (real time: 0.000 s).

 **Message from update_v_PML (printed by PE 0):
 Updating particle velocities ... finished (real time: 0.000 s).
 particle velocity exchange between PEs ... finished (real time: 0.000 s).

 **Message from update_s_interior (printed by PE 0):
 Updating stress components ... finished (real time: 0.000 s).

 **Message from update_s_PML (printed by PE 0):
 Updating stress components ... finished (real time: 0.000 s).
 stress exchange between PEs ... finished (real time: 0.000 s).
 total real time for timestep 3601 : 0.000 s.

 Computing timestep 3701 of 5000 

 **Message from update_v_interior (printed by PE 0):
 Updating particle velocities ... finished (real time: 0.000 s).

 **Message from update_v_PML (printed by PE 0):
 Updating particle velocities ... finished (real time: 0.000 s).
 particle velocity exchange between PEs ... finished (real time: 0.000 s).

 **Message from update_s_interior (printed by PE 0):
 Updating stress components ... finished (real time: 0.000 s).

 **Message from update_s_PML (printed by PE 0):
 Updating stress components ... finished (real time: 0.000 s).
 stress exchange between PEs ... finished (real time: 0.000 s).
 total real time for timestep 3701 : 0.000 s.

 Computing timestep 3801 of 5000 

 **Message from update_v_interior (printed by PE 0):
 Updating particle velocities ... finished (real time: 0.000 s).

 **Message from update_v_PML (printed by PE 0):
 Updating particle velocities ... finished (real time: 0.000 s).
 particle velocity exchange between PEs ... finished (real time: 0.000 s).

 **Message from update_s_interior (printed by PE 0):
 Updating stress components ... finished (real time: 0.000 s).

 **Message from update_s_PML (printed by PE 0):
 Updating stress components ... finished (real time: 0.000 s).
 stress exchange between PEs ... finished (real time: 0.000 s).
 total real time for timestep 3801 : 0.000 s.

 Computing timestep 3901 of 5000 

 **Message from update_v_interior (printed by PE 0):
 Updating particle velocities ... finished (real time: 0.000 s).

 **Message from update_v_PML (printed by PE 0):
 Updating particle velocities ... finished (real time: 0.000 s).
 particle velocity exchange between PEs ... finished (real time: 0.000 s).

 **Message from update_s_interior (printed by PE 0):
 Updating stress components ... finished (real time: 0.000 s).

 **Message from update_s_PML (printed by PE 0):
 Updating stress components ... finished (real time: 0.000 s).
 stress exchange between PEs ... finished (real time: 0.000 s).
 total real time for timestep 3901 : 0.000 s.

 Computing timestep 4001 of 5000 

 **Message from update_v_interior (printed by PE 0):
 Updating particle velocities ... finished (real time: 0.000 s).

 **Message from update_v_PML (printed by PE 0):
 Updating particle velocities ... finished (real time: 0.000 s).
 particle velocity exchange between PEs ... finished (real time: 0.000 s).

 **Message from update_s_interior (printed by PE 0):
 Updating stress components ... finished (real time: 0.000 s).

 **Message from update_s_PML (printed by PE 0):
 Updating stress components ... finished (real time: 0.000 s).
 stress exchange between PEs ... finished (real time: 0.000 s).
 total real time for timestep 4001 : 0.000 s.

 Computing timestep 4101 of 5000 

 **Message from update_v_interior (printed by PE 0):
 Updating particle velocities ... finished (real time: 0.000 s).

 **Message from update_v_PML (printed by PE 0):
 Updating particle velocities ... finished (real time: 0.000 s).
 particle velocity exchange between PEs ... finished (real time: 0.000 s).

 **Message from update_s_interior (printed by PE 0):
 Updating stress components ... finished (real time: 0.000 s).

 **Message from update_s_PML (printed by PE 0):
 Updating stress components ... finished (real time: 0.000 s).
 stress exchange between PEs ... finished (real time: 0.000 s).
 total real time for timestep 4101 : 0.000 s.

 Computing timestep 4201 of 5000 

 **Message from update_v_interior (printed by PE 0):
 Updating particle velocities ... finished (real time: 0.000 s).

 **Message from update_v_PML (printed by PE 0):
 Updating particle velocities ... finished (real time: 0.000 s).
 particle velocity exchange between PEs ... finished (real time: 0.000 s).

 **Message from update_s_interior (printed by PE 0):
 Updating stress components ... finished (real time: 0.000 s).

 **Message from update_s_PML (printed by PE 0):
 Updating stress components ... finished (real time: 0.000 s).
 stress exchange between PEs ... finished (real time: 0.000 s).
 total real time for timestep 4201 : 0.000 s.

 Computing timestep 4301 of 5000 

 **Message from update_v_interior (printed by PE 0):
 Updating particle velocities ... finished (real time: 0.000 s).

 **Message from update_v_PML (printed by PE 0):
 Updating particle velocities ... finished (real time: 0.000 s).
 particle velocity exchange between PEs ... finished (real time: 0.000 s).

 **Message from update_s_interior (printed by PE 0):
 Updating stress components ... finished (real time: 0.000 s).

 **Message from update_s_PML (printed by PE 0):
 Updating stress components ... finished (real time: 0.000 s).
 stress exchange between PEs ... finished (real time: 0.000 s).
 total real time for timestep 4301 : 0.000 s.

 Computing timestep 4401 of 5000 

 **Message from update_v_interior (printed by PE 0):
 Updating particle velocities ... finished (real time: 0.000 s).

 **Message from update_v_PML (printed by PE 0):
 Updating particle velocities ... finished (real time: 0.000 s).
 particle velocity exchange between PEs ... finished (real time: 0.000 s).

 **Message from update_s_interior (printed by PE 0):
 Updating stress components ... finished (real time: 0.000 s).

 **Message from update_s_PML (printed by PE 0):
 Updating stress components ... finished (real time: 0.000 s).
 stress exchange between PEs ... finished (real time: 0.000 s).
 total real time for timestep 4401 : 0.000 s.

 Computing timestep 4501 of 5000 

 **Message from update_v_interior (printed by PE 0):
 Updating particle velocities ... finished (real time: 0.000 s).

 **Message from update_v_PML (printed by PE 0):
 Updating particle velocities ... finished (real time: 0.000 s).
 particle velocity exchange between PEs ... finished (real time: 0.000 s).

 **Message from update_s_interior (printed by PE 0):
 Updating stress components ... finished (real time: 0.000 s).

 **Message from update_s_PML (printed by PE 0):
 Updating stress components ... finished (real time: 0.000 s).
 stress exchange between PEs ... finished (real time: 0.000 s).
 total real time for timestep 4501 : 0.000 s.

 Computing timestep 4601 of 5000 

 **Message from update_v_interior (printed by PE 0):
 Updating particle velocities ... finished (real time: 0.000 s).

 **Message from update_v_PML (printed by PE 0):
 Updating particle velocities ... finished (real time: 0.000 s).
 particle velocity exchange between PEs ... finished (real time: 0.000 s).

 **Message from update_s_interior (printed by PE 0):
 Updating stress components ... finished (real time: 0.000 s).

 **Message from update_s_PML (printed by PE 0):
 Updating stress components ... finished (real time: 0.000 s).
 stress exchange between PEs ... finished (real time: 0.000 s).
 total real time for timestep 4601 : 0.000 s.

 Computing timestep 4701 of 5000 

 **Message from update_v_interior (printed by PE 0):
 Updating particle velocities ... finished (real time: 0.000 s).

 **Message from update_v_PML (printed by PE 0):
 Updating particle velocities ... finished (real time: 0.000 s).
 particle velocity exchange between PEs ... finished (real time: 0.000 s).

 **Message from update_s_interior (printed by PE 0):
 Updating stress components ... finished (real time: 0.000 s).

 **Message from update_s_PML (printed by PE 0):
 Updating stress components ... finished (real time: 0.000 s).
 stress exchange between PEs ... finished (real time: 0.000 s).
 total real time for timestep 4701 : 0.000 s.

 Computing timestep 4801 of 5000 

 **Message from update_v_interior (printed by PE 0):
 Updating particle velocities ... finished (real time: 0.000 s).

 **Message from update_v_PML (printed by PE 0):
 Updating particle velocities ... finished (real time: 0.000 s).
 particle velocity exchange between PEs ... finished (real time: 0.000 s).

 **Message from update_s_interior (printed by PE 0):
 Updating stress components ... finished (real time: 0.000 s).

 **Message from update_s_PML (printed by PE 0):
 Updating stress components ... finished (real time: 0.000 s).
 stress exchange between PEs ... finished (real time: 0.000 s).
 total real time for timestep 4801 : 0.000 s.

 Computing timestep 4901 of 5000 

 **Message from update_v_interior (printed by PE 0):
 Updating particle velocities ... finished (real time: 0.000 s).

 **Message from update_v_PML (printed by PE 0):
 Updating particle velocities ... finished (real time: 0.000 s).
 particle velocity exchange between PEs ... finished (real time: 0.000 s).

 **Message from update_s_interior (printed by PE 0):
 Updating stress components ... finished (real time: 0.000 s).

 **Message from update_s_PML (printed by PE 0):
 Updating stress components ... finished (real time: 0.000 s).
 stress exchange between PEs ... finished (real time: 0.000 s).
 total real time for timestep 4901 : 0.000 s.


 *********** Finish TIME STEPPING ****************
 **************************************************


 PE 0 is writing 1100 merged seismogram traces (vx)   to  ./data_rawout/model_vx.su.shot1 
 PE 0 is writing 1100 merged seismogram traces (vy)   to  ./data_rawout/model_vy.su.shot1 
 PE 0 is writing 1100 merged seismogram traces (p)    to  ./data_rawout/model_p.su.shot1 
 PE 0 is writing 1100 merged seismogram traces (div)  to  ./data_rawout/model_div.su.shot1 
 PE 0 is writing 1100 merged seismogram traces (curl) to  ./data_rawout/model_curl.su.shot1 


 **Info from main (written by PE 0): 
 Average times for 
   velocity update:  	 0.000001 seconds  
   stress update:  	 0.000001 seconds  
   velocity exchange:  	 0.000070 seconds  
   stress exchange:  	 0.000039 seconds  
   timestep:  		 0.000111 seconds  

 CPU time of program per PE: 13 seconds.
 Total real time of program: 35.130 seconds.

 ******************************************************
 **************** SOFI2D has finished *****************
 ******************************************************

 Number of samples (nts) in source file: 5001
 Number of samples (nts) in source file: 5001
 Number of samples (nts) in source file: 5001
 Number of samples (nts) in source file: 5001
 Number of samples (nts) in source file: 5001
 Number of samples (nts) in source file: 5001
 Number of samples (nts) in source file: 5001
 Number of samples (nts) in source file: 5001
 Number of samples (nts) in source file: 5001
 Number of samples (nts) in source file: 5001
 Number of samples (nts) in source file: 5001
 Number of samples (nts) in source file: 5001
 Number of samples (nts) in source file: 5001
 Number of samples (nts) in source file: 5001
 Number of samples (nts) in source file: 5001
 Number of samples (nts) in source file: 5001
 Number of samples (nts) in source file: 5001
 Number of samples (nts) in source file: 5001
 Number of samples (nts) in source file: 5001
 Number of samples (nts) in source file: 5001
 Number of samples (nts) in source file: 5001
 Number of samples (nts) in source file: 5001
 Number of samples (nts) in source file: 5001
 Number of samples (nts) in source file: 5001
 Number of samples (nts) in source file: 5001
 Number of samples (nts) in source file: 5001
 Number of samples (nts) in source file: 5001
 Number of samples (nts) in source file: 5001
 Number of samples (nts) in source file: 5001
 Number of samples (nts) in source file: 5001
 Number of samples (nts) in source file: 5001
 Number of samples (nts) in source file: 5001
 Number of samples (nts) in source file: 5001
 Number of samples (nts) in source file: 5001
 Number of samples (nts) in source file: 5001
 Number of samples (nts) in source file: 5001
 Number of samples (nts) in source file: 5001
 Number of samples (nts) in source file: 5001
 Number of samples (nts) in source file: 5001
 Number of samples (nts) in source file: 5001
 Number of samples (nts) in source file: 5001
 Number of samples (nts) in source file: 5001
 Number of samples (nts) in source file: 5001
 Number of samples (nts) in source file: 5001
 Number of samples (nts) in source file: 5001
 Number of samples (nts) in source file: 5001
 Number of samples (nts) in source file: 5001
 Number of samples (nts) in source file: 5001
 Number of samples (nts) in source file: 5001
 Number of samples (nts) in source file: 5001
 Number of samples (nts) in source file: 5001
 Number of samples (nts) in source file: 5001
 Number of samples (nts) in source file: 5001
 Number of samples (nts) in source file: 5001
 Number of samples (nts) in source file: 5001
 Number of samples (nts) in source file: 5001
 Number of samples (nts) in source file: 5001
 Number of samples (nts) in source file: 5001
 Number of samples (nts) in source file: 5001
 Number of samples (nts) in source file: 5001
 Number of samples (nts) in source file: 5001
 Number of samples (nts) in source file: 5001
 Number of samples (nts) in source file: 5001
 Number of samples (nts) in source file: 5001
 Number of samples (nts) in source file: 5001
 Number of samples (nts) in source file: 5001
 Number of samples (nts) in source file: 5001
 Number of samples (nts) in source file: 5001
 Number of samples (nts) in source file: 5001
 Number of samples (nts) in source file: 5001
 Number of samples (nts) in source file: 5001
 Number of samples (nts) in source file: 5001
 Number of samples (nts) in source file: 5001
 Number of samples (nts) in source file: 5001
 Number of samples (nts) in source file: 5001
 Number of samples (nts) in source file: 5001
 Number of samples (nts) in source file: 5001
 Number of samples (nts) in source file: 5001
 Number of samples (nts) in source file: 5001
 Number of samples (nts) in source file: 5001
 Number of samples (nts) in source file: 5001
 Number of samples (nts) in source file: 5001
 Number of samples (nts) in source file: 5001
 Number of samples (nts) in source file: 5001
 Number of samples (nts) in source file: 5001
 Number of samples (nts) in source file: 5001
 Number of samples (nts) in source file: 5001
 Number of samples (nts) in source file: 5001
 Number of samples (nts) in source file: 5001
 Number of samples (nts) in source file: 5001
 Number of samples (nts) in source file: 5001
 Number of samples (nts) in source file: 5001
 Number of samples (nts) in source file: 5001
 Number of samples (nts) in source file: 5001
 Number of samples (nts) in source file: 5001
 Number of samples (nts) in source file: 5001
 Number of samples (nts) in source file: 5001
 Number of samples (nts) in source file: 5001
 Number of samples (nts) in source file: 5001
